2014-10-27 22:38:42	INFO	casa::::casa	---
2014-10-27 22:38:42	INFO	casa::::casa	CASA Version 4.2.2 (prerelease r30986)
2014-10-27 22:38:42	INFO	casa::::casa	  Tagged on: Thu, 21 Aug 2014
2014-10-27 22:40:18	INFO	simple_cluster::check_host_resources::casa	Host govcloud-128-149-57-249, Number of cores 32, Memory available 244212MB, CPU capacity available 100.0%
2014-10-27 22:40:18	INFO	simple_cluster::config_cluster::casa	Will deploy up to 30 engines at node govcloud-128-149-57-249
2014-10-27 22:40:18	INFO	simple_cluster::config_cluster::casa	Will use up to 219791MB of memory at node govcloud-128-149-57-249
2014-10-27 22:40:18	INFO	simple_cluster::config_cluster::casa	Required memory per engine 4096.0MB allows to deploy up to 54 engines at node govcloud-128-149-57-249 
2014-10-27 22:40:18	INFO	simple_cluster::config_cluster::casa	Cap number of engines deployed at node govcloud-128-149-57-249 from 54 to 30 in order to meet maximum number of engines constraint
2014-10-27 22:40:18	INFO	parallel_go::start_controller::casa	Controller 1970 started
2014-10-27 22:40:32	INFO	parallel_go::start_engine::casa	start engine 1 on govcloud-128-149-57-249
2014-10-27 22:40:32	INFO	parallel_go::start_engine::casa	start engine 2 on govcloud-128-149-57-249
2014-10-27 22:40:32	INFO	parallel_go::start_engine::casa	start engine 3 on govcloud-128-149-57-249
2014-10-27 22:40:32	INFO	parallel_go::start_engine::casa	start engine 4 on govcloud-128-149-57-249
2014-10-27 22:40:32	INFO	parallel_go::start_engine::casa	start engine 5 on govcloud-128-149-57-249
2014-10-27 22:40:32	INFO	parallel_go::start_engine::casa	start engine 6 on govcloud-128-149-57-249
2014-10-27 22:40:32	INFO	parallel_go::start_engine::casa	start engine 7 on govcloud-128-149-57-249
2014-10-27 22:40:32	INFO	parallel_go::start_engine::casa	start engine 8 on govcloud-128-149-57-249
2014-10-27 22:40:32	INFO	parallel_go::start_engine::casa	start engine 9 on govcloud-128-149-57-249
2014-10-27 22:40:32	INFO	parallel_go::start_engine::casa	start engine 10 on govcloud-128-149-57-249
2014-10-27 22:40:32	INFO	parallel_go::start_engine::casa	start engine 11 on govcloud-128-149-57-249
2014-10-27 22:40:32	INFO	parallel_go::start_engine::casa	start engine 12 on govcloud-128-149-57-249
2014-10-27 22:40:32	INFO	parallel_go::start_engine::casa	start engine 13 on govcloud-128-149-57-249
2014-10-27 22:40:32	INFO	parallel_go::start_engine::casa	start engine 14 on govcloud-128-149-57-249
2014-10-27 22:40:32	INFO	parallel_go::start_engine::casa	start engine 15 on govcloud-128-149-57-249
2014-10-27 22:40:32	INFO	parallel_go::start_engine::casa	start engine 16 on govcloud-128-149-57-249
2014-10-27 22:40:32	INFO	parallel_go::start_engine::casa	start engine 17 on govcloud-128-149-57-249
2014-10-27 22:40:32	INFO	parallel_go::start_engine::casa	start engine 18 on govcloud-128-149-57-249
2014-10-27 22:40:32	INFO	parallel_go::start_engine::casa	start engine 19 on govcloud-128-149-57-249
2014-10-27 22:40:32	INFO	parallel_go::start_engine::casa	start engine 20 on govcloud-128-149-57-249
2014-10-27 22:40:32	INFO	parallel_go::start_engine::casa	start engine 21 on govcloud-128-149-57-249
2014-10-27 22:40:32	INFO	parallel_go::start_engine::casa	start engine 22 on govcloud-128-149-57-249
2014-10-27 22:40:32	INFO	parallel_go::start_engine::casa	start engine 23 on govcloud-128-149-57-249
2014-10-27 22:40:32	INFO	parallel_go::start_engine::casa	start engine 24 on govcloud-128-149-57-249
2014-10-27 22:40:32	INFO	parallel_go::start_engine::casa	start engine 25 on govcloud-128-149-57-249
2014-10-27 22:40:32	INFO	parallel_go::start_engine::casa	start engine 26 on govcloud-128-149-57-249
2014-10-27 22:40:32	INFO	parallel_go::start_engine::casa	start engine 27 on govcloud-128-149-57-249
2014-10-27 22:40:32	INFO	parallel_go::start_engine::casa	start engine 28 on govcloud-128-149-57-249
2014-10-27 22:40:32	INFO	parallel_go::start_engine::casa	start engine 29 on govcloud-128-149-57-249
2014-10-27 22:40:32	INFO	parallel_go::start_engine::casa	start engine 30 on govcloud-128-149-57-249
2014-10-27 22:40:36	INFO	parallel_go::init_nodes::casa	Initialize engines [0, 1, 2, 3, 4, 5, 6, 7, 8, 9, 10, 11, 12, 13, 14, 15, 16, 17, 18, 19, 20, 21, 22, 23, 24, 25, 26, 27, 28, 29]
2014-10-27 22:44:32	INFO	simple_cluster::check_host_resources::casa	Host govcloud-128-149-57-249, Number of cores 32, Memory available 244197MB, CPU capacity available 100.0%
2014-10-27 22:44:32	INFO	simple_cluster::config_cluster::casa	Will deploy up to 30 engines at node govcloud-128-149-57-249
2014-10-27 22:44:32	INFO	simple_cluster::config_cluster::casa	Will use up to 219777MB of memory at node govcloud-128-149-57-249
2014-10-27 22:44:32	INFO	simple_cluster::config_cluster::casa	Required memory per engine 4096.0MB allows to deploy up to 54 engines at node govcloud-128-149-57-249 
2014-10-27 22:44:32	INFO	simple_cluster::config_cluster::casa	Cap number of engines deployed at node govcloud-128-149-57-249 from 54 to 30 in order to meet maximum number of engines constraint
2014-10-27 22:44:32	INFO	parallel_go::start_controller::casa	Controller 3837 started
2014-10-27 22:44:46	INFO	parallel_go::start_engine::casa	start engine 1 on govcloud-128-149-57-249
2014-10-27 22:44:46	INFO	parallel_go::start_engine::casa	start engine 2 on govcloud-128-149-57-249
2014-10-27 22:44:46	INFO	parallel_go::start_engine::casa	start engine 3 on govcloud-128-149-57-249
2014-10-27 22:44:46	INFO	parallel_go::start_engine::casa	start engine 4 on govcloud-128-149-57-249
2014-10-27 22:44:46	INFO	parallel_go::start_engine::casa	start engine 5 on govcloud-128-149-57-249
2014-10-27 22:44:46	INFO	parallel_go::start_engine::casa	start engine 6 on govcloud-128-149-57-249
2014-10-27 22:44:46	INFO	parallel_go::start_engine::casa	start engine 7 on govcloud-128-149-57-249
2014-10-27 22:44:46	INFO	parallel_go::start_engine::casa	start engine 8 on govcloud-128-149-57-249
2014-10-27 22:44:46	INFO	parallel_go::start_engine::casa	start engine 9 on govcloud-128-149-57-249
2014-10-27 22:44:46	INFO	parallel_go::start_engine::casa	start engine 10 on govcloud-128-149-57-249
2014-10-27 22:44:46	INFO	parallel_go::start_engine::casa	start engine 11 on govcloud-128-149-57-249
2014-10-27 22:44:46	INFO	parallel_go::start_engine::casa	start engine 12 on govcloud-128-149-57-249
2014-10-27 22:44:46	INFO	parallel_go::start_engine::casa	start engine 13 on govcloud-128-149-57-249
2014-10-27 22:44:46	INFO	parallel_go::start_engine::casa	start engine 14 on govcloud-128-149-57-249
2014-10-27 22:44:46	INFO	parallel_go::start_engine::casa	start engine 15 on govcloud-128-149-57-249
2014-10-27 22:44:46	INFO	parallel_go::start_engine::casa	start engine 16 on govcloud-128-149-57-249
2014-10-27 22:44:46	INFO	parallel_go::start_engine::casa	start engine 17 on govcloud-128-149-57-249
2014-10-27 22:44:46	INFO	parallel_go::start_engine::casa	start engine 18 on govcloud-128-149-57-249
2014-10-27 22:44:46	INFO	parallel_go::start_engine::casa	start engine 19 on govcloud-128-149-57-249
2014-10-27 22:44:46	INFO	parallel_go::start_engine::casa	start engine 20 on govcloud-128-149-57-249
2014-10-27 22:44:46	INFO	parallel_go::start_engine::casa	start engine 21 on govcloud-128-149-57-249
2014-10-27 22:44:46	INFO	parallel_go::start_engine::casa	start engine 22 on govcloud-128-149-57-249
2014-10-27 22:44:46	INFO	parallel_go::start_engine::casa	start engine 23 on govcloud-128-149-57-249
2014-10-27 22:44:46	INFO	parallel_go::start_engine::casa	start engine 24 on govcloud-128-149-57-249
2014-10-27 22:44:46	INFO	parallel_go::start_engine::casa	start engine 25 on govcloud-128-149-57-249
2014-10-27 22:44:46	INFO	parallel_go::start_engine::casa	start engine 26 on govcloud-128-149-57-249
2014-10-27 22:44:46	INFO	parallel_go::start_engine::casa	start engine 27 on govcloud-128-149-57-249
2014-10-27 22:44:46	INFO	parallel_go::start_engine::casa	start engine 28 on govcloud-128-149-57-249
2014-10-27 22:44:46	INFO	parallel_go::start_engine::casa	start engine 29 on govcloud-128-149-57-249
2014-10-27 22:44:46	INFO	parallel_go::start_engine::casa	start engine 30 on govcloud-128-149-57-249
2014-10-27 22:44:50	INFO	parallel_go::init_nodes::casa	Initialize engines [0, 1, 2, 3, 4, 5, 6, 7, 8, 9, 10, 11, 12, 13, 14, 15, 16, 17, 18, 19, 20, 21, 22, 23, 24, 25, 26, 27, 28, 29]
2014-10-27 22:44:54	INFO	pclean::::casa	
2014-10-27 22:44:54	INFO	pclean::::casa+	##########################################
2014-10-27 22:44:54	INFO	pclean::::casa+	##### Begin Task: pclean             #####
2014-10-27 22:44:54	INFO	pclean::::casa	pclean(vis="L85562_all_flagged.MS",imagename="timesteps_flg1_dt0-05-37.5_n0_it10000_wp512_facets8_npix1024_pixsz41.0710960679arcsec_testparams1",imsize=[1024, 1024],cell="41.0710960679arcsec",
2014-10-27 22:44:54	INFO	pclean::::casa+	        phasecenter="",stokes="I",mask="",field="0",spw="15~105",
2014-10-27 22:44:54	INFO	pclean::::casa+	        ftmachine="wproject",alg="multiscale",scales=[0],cyclefactor=1.5,majorcycles=5,
2014-10-27 22:44:54	INFO	pclean::::casa+	        niter=10000,gain=0.1,threshold="0.0mJy",weighting="natural",robust=0.0,
2014-10-27 22:44:54	INFO	pclean::::casa+	        npixels=0,mode="continuum",nterms=2,start=0,nchan=1,
2014-10-27 22:44:54	INFO	pclean::::casa+	        width=1,restfreq="",interactive=False,npercycle=100,wprojplanes=512,
2014-10-27 22:44:54	INFO	pclean::::casa+	        facets=8,overwrite=True,uvtaper=False,outertaper=[''],timerange="2013/01/24/21:37:11.000000+0:05:37.5",
2014-10-27 22:44:54	INFO	pclean::::casa+	        uvrange="",antenna="",scan="",observation="",pbcor=False,
2014-10-27 22:44:54	INFO	pclean::::casa+	        minpb=0.2,clusterdef="")
2014-10-27 22:44:55	SEVERE	pclean::::casa	An error occurred running task pclean.
2014-10-27 22:44:55	INFO	imstat::utils::verify	Verifying arguments....File existence checking failed for imagename timesteps_flg1_dt0-05-37.5_n0_it10000_wp512_facets8_npix1024_pixsz41.0710960679arcsec_testparams1.image
2014-10-27 22:44:55	WARN	imstat::utils::verify	Argument imagename failed to verify.
2014-10-27 22:44:55	SEVERE	imstat::::casa	An error occurred running task imstat.
2014-10-27 22:49:17	INFO	pclean::::casa	
2014-10-27 22:49:17	INFO	pclean::::casa+	##########################################
2014-10-27 22:49:17	INFO	pclean::::casa+	##### Begin Task: pclean             #####
2014-10-27 22:49:17	INFO	pclean::::casa	pclean(vis="L85562_all_flagged.MS",imagename="timesteps_flg1_dt0-05-37.5_n0_it10000_wp512_facets8_npix1024_testparams1",imsize=[1024, 1024],cell="41.0710960679arcsec",
2014-10-27 22:49:17	INFO	pclean::::casa+	        phasecenter="",stokes="I",mask="",field="0",spw="15~105",
2014-10-27 22:49:17	INFO	pclean::::casa+	        ftmachine="wproject",alg="multiscale",scales=[0],cyclefactor=1.5,majorcycles=5,
2014-10-27 22:49:17	INFO	pclean::::casa+	        niter=10000,gain=0.1,threshold="0.0mJy",weighting="natural",robust=0.0,
2014-10-27 22:49:17	INFO	pclean::::casa+	        npixels=0,mode="continuum",nterms=2,start=0,nchan=1,
2014-10-27 22:49:17	INFO	pclean::::casa+	        width=1,restfreq="",interactive=False,npercycle=100,wprojplanes=512,
2014-10-27 22:49:17	INFO	pclean::::casa+	        facets=8,overwrite=True,uvtaper=False,outertaper=[''],timerange="2013/01/24/21:37:11.000000+0:05:37.5",
2014-10-27 22:49:17	INFO	pclean::::casa+	        uvrange="",antenna="",scan="",observation="",pbcor=False,
2014-10-27 22:49:17	INFO	pclean::::casa+	        minpb=0.2,clusterdef="")
2014-10-27 22:49:17	SEVERE	pclean::::casa	An error occurred running task pclean.
2014-10-27 22:49:17	INFO	imstat::utils::verify	Verifying arguments....File existence checking failed for imagename timesteps_flg1_dt0-05-37.5_n0_it10000_wp512_facets8_npix1024_testparams1.image
2014-10-27 22:49:17	WARN	imstat::utils::verify	Argument imagename failed to verify.
2014-10-27 22:49:17	SEVERE	imstat::::casa	An error occurred running task imstat.
2014-10-27 22:57:07	INFO	pclean::::casa	
2014-10-27 22:57:07	INFO	pclean::::casa+	##########################################
2014-10-27 22:57:07	INFO	pclean::::casa+	##### Begin Task: pclean             #####
2014-10-27 22:57:07	INFO	pclean::::casa	pclean(vis="L85562_all_flagged.MS",imagename="timesteps_flg1_dt0-05-37.5_n0_it10000_wp512_facets8_npix1024_testparams1",imsize=[1024, 1024],cell="41.0710960679arcsec",
2014-10-27 22:57:07	INFO	pclean::::casa+	        phasecenter="",stokes="I",mask="",field="0",spw="15~105",
2014-10-27 22:57:07	INFO	pclean::::casa+	        ftmachine="wproject",alg="multiscale",scales=[0],cyclefactor=1.5,majorcycles=5,
2014-10-27 22:57:07	INFO	pclean::::casa+	        niter=10000,gain=0.1,threshold="0.0mJy",weighting="natural",robust=0.0,
2014-10-27 22:57:07	INFO	pclean::::casa+	        npixels=0,mode="continuum",nterms=2,start=0,nchan=1,
2014-10-27 22:57:07	INFO	pclean::::casa+	        width=1,restfreq="",interactive=False,npercycle=100,wprojplanes=512,
2014-10-27 22:57:07	INFO	pclean::::casa+	        facets=8,overwrite=True,uvtaper=False,outertaper=[''],timerange="2013/01/24/21:37:11.000000+0:05:37.5",
2014-10-27 22:57:07	INFO	pclean::::casa+	        uvrange="",antenna="",scan="",observation="",pbcor=False,
2014-10-27 22:57:07	INFO	pclean::::casa+	        minpb=0.2,clusterdef="")
2014-10-27 22:57:07	SEVERE	pclean::::casa	An error occurred running task pclean.
2014-10-27 22:57:07	INFO	imstat::utils::verify	Verifying arguments....File existence checking failed for imagename timesteps_flg1_dt0-05-37.5_n0_it10000_wp512_facets8_npix1024_testparams1.image
2014-10-27 22:57:07	WARN	imstat::utils::verify	Argument imagename failed to verify.
2014-10-27 22:57:07	SEVERE	imstat::::casa	An error occurred running task imstat.
2014-10-27 22:59:24	INFO	pclean::::casa	
2014-10-27 22:59:24	INFO	pclean::::casa+	##########################################
2014-10-27 22:59:24	INFO	pclean::::casa+	##### Begin Task: pclean             #####
2014-10-27 22:59:24	INFO	pclean::::casa	pclean(vis="L85562_all_flagged.MS",imagename="timesteps_flg1_dt0-05-37.5_n0_it10000_wp512_facets8_npix1024_tp1",imsize=[1024, 1024],cell="41.0710960679arcsec",
2014-10-27 22:59:24	INFO	pclean::::casa+	        phasecenter="",stokes="I",mask="",field="0",spw="15~105",
2014-10-27 22:59:24	INFO	pclean::::casa+	        ftmachine="wproject",alg="multiscale",scales=[0],cyclefactor=1.5,majorcycles=5,
2014-10-27 22:59:24	INFO	pclean::::casa+	        niter=10000,gain=0.1,threshold="0.0mJy",weighting="natural",robust=0.0,
2014-10-27 22:59:24	INFO	pclean::::casa+	        npixels=0,mode="continuum",nterms=2,start=0,nchan=1,
2014-10-27 22:59:24	INFO	pclean::::casa+	        width=1,restfreq="",interactive=False,npercycle=100,wprojplanes=512,
2014-10-27 22:59:24	INFO	pclean::::casa+	        facets=8,overwrite=True,uvtaper=False,outertaper=[''],timerange="2013/01/24/21:37:11.000000+0:05:37.5",
2014-10-27 22:59:24	INFO	pclean::::casa+	        uvrange="",antenna="",scan="",observation="",pbcor=False,
2014-10-27 22:59:24	INFO	pclean::::casa+	        minpb=0.2,clusterdef="")
2014-10-27 22:59:24	SEVERE	pclean::::casa	An error occurred running task pclean.
2014-10-27 22:59:24	INFO	imstat::utils::verify	Verifying arguments....File existence checking failed for imagename timesteps_flg1_dt0-05-37.5_n0_it10000_wp512_facets8_npix1024_tp1.image
2014-10-27 22:59:24	WARN	imstat::utils::verify	Argument imagename failed to verify.
2014-10-27 22:59:24	SEVERE	imstat::::casa	An error occurred running task imstat.
2014-10-27 23:06:05	INFO	pclean::::casa	
2014-10-27 23:06:05	INFO	pclean::::casa+	##########################################
2014-10-27 23:06:05	INFO	pclean::::casa+	##### Begin Task: pclean             #####
2014-10-27 23:06:05	INFO	pclean::::casa	pclean(vis="L85562_all_flagged.MS",imagename="timesteps_flg1_dt0-05-37.5_n0_it10000_wp512_facets8_npix1024_tp1",imsize=[1024, 1024],cell="41.0710960679arcsec",
2014-10-27 23:06:05	INFO	pclean::::casa+	        phasecenter="",stokes="I",mask="",field="0",spw="15~105",
2014-10-27 23:06:05	INFO	pclean::::casa+	        ftmachine="wproject",alg="clark",scales=[0],cyclefactor=1.5,majorcycles=5,
2014-10-27 23:06:05	INFO	pclean::::casa+	        niter=10000,gain=0.1,threshold="0.0mJy",weighting="natural",robust=0.0,
2014-10-27 23:06:05	INFO	pclean::::casa+	        npixels=0,mode="continuum",nterms=2,start=0,nchan=1,
2014-10-27 23:06:05	INFO	pclean::::casa+	        width=1,restfreq="",interactive=False,npercycle=100,wprojplanes=512,
2014-10-27 23:06:05	INFO	pclean::::casa+	        facets=8,overwrite=True,uvtaper=False,outertaper=[''],timerange="2013/01/24/21:37:11.000000+0:05:37.5",
2014-10-27 23:06:05	INFO	pclean::::casa+	        uvrange="",antenna="",scan="",observation="",pbcor=False,
2014-10-27 23:06:05	INFO	pclean::::casa+	        minpb=0.2,clusterdef="")
2014-10-27 23:06:05	SEVERE	pclean::::casa	An error occurred running task pclean.
2014-10-27 23:06:05	INFO	imstat::utils::verify	Verifying arguments....File existence checking failed for imagename timesteps_flg1_dt0-05-37.5_n0_it10000_wp512_facets8_npix1024_tp1.image
2014-10-27 23:06:05	WARN	imstat::utils::verify	Argument imagename failed to verify.
2014-10-27 23:06:05	SEVERE	imstat::::casa	An error occurred running task imstat.
2014-10-27 23:08:38	INFO	pclean::::casa	
2014-10-27 23:08:38	INFO	pclean::::casa+	##########################################
2014-10-27 23:08:38	INFO	pclean::::casa+	##### Begin Task: pclean             #####
2014-10-27 23:08:38	INFO	pclean::::casa	pclean(vis="L85562_all_flagged.MS",imagename="timesteps_flg1_dt0-05-37.5_n0_it10000_wp512_facets8_npix1024_tp1",imsize=[1024, 1024],cell="41.0710960679arcsec",
2014-10-27 23:08:38	INFO	pclean::::casa+	        phasecenter="",stokes="I",mask="",field="0",spw="15~105",
2014-10-27 23:08:38	INFO	pclean::::casa+	        ftmachine="wproject",alg="clark",scales=[0],cyclefactor=1.5,majorcycles=5,
2014-10-27 23:08:38	INFO	pclean::::casa+	        niter=10000,gain=0.1,threshold="0.0mJy",weighting="natural",robust=0.0,
2014-10-27 23:08:38	INFO	pclean::::casa+	        npixels=0,mode="continuum",nterms=1,start=0,nchan=1,
2014-10-27 23:08:38	INFO	pclean::::casa+	        width=1,restfreq="",interactive=False,npercycle=100,wprojplanes=512,
2014-10-27 23:08:38	INFO	pclean::::casa+	        facets=8,overwrite=True,uvtaper=False,outertaper=[''],timerange="2013/01/24/21:37:11.000000+0:05:37.5",
2014-10-27 23:08:38	INFO	pclean::::casa+	        uvrange="",antenna="",scan="",observation="",pbcor=False,
2014-10-27 23:08:38	INFO	pclean::::casa+	        minpb=0.2,clusterdef="")
2014-10-27 23:14:39	INFO	pclean::::casa	
2014-10-27 23:14:39	INFO	pclean::::casa+	##########################################
2014-10-27 23:14:39	INFO	pclean::::casa+	##### Begin Task: pclean             #####
2014-10-27 23:14:39	INFO	pclean::::casa	pclean(vis="L85562_all_flagged.MS",imagename="timesteps_flg1_dt0-05-37.5_n0_it10000_wp512_facets8_npix1024_tp1",imsize=[1024, 1024],cell="41.0710960679arcsec",
2014-10-27 23:14:39	INFO	pclean::::casa+	        phasecenter="",stokes="I",mask="",field="0",spw="15~105",
2014-10-27 23:14:39	INFO	pclean::::casa+	        ftmachine="wproject",alg="multiscale",scales=[0],cyclefactor=1.5,majorcycles=5,
2014-10-27 23:14:39	INFO	pclean::::casa+	        niter=10000,gain=0.1,threshold="0.0mJy",weighting="natural",robust=0.0,
2014-10-27 23:14:39	INFO	pclean::::casa+	        npixels=0,mode="continuum",nterms=2,start=0,nchan=1,
2014-10-27 23:14:39	INFO	pclean::::casa+	        width=1,restfreq="",interactive=False,npercycle=100,wprojplanes=512,
2014-10-27 23:14:39	INFO	pclean::::casa+	        facets=8,overwrite=True,uvtaper=False,outertaper=[''],timerange="2013/01/24/21:37:11.000000+0:05:37.5",
2014-10-27 23:14:39	INFO	pclean::::casa+	        uvrange="",antenna="",scan="",observation="",pbcor=False,
2014-10-27 23:14:39	INFO	pclean::::casa+	        minpb=0.2,clusterdef="")
2014-10-27 23:14:39	SEVERE	pclean::::casa	An error occurred running task pclean.
2014-10-27 23:14:39	INFO	imstat::utils::verify	Verifying arguments....File existence checking failed for imagename timesteps_flg1_dt0-05-37.5_n0_it10000_wp512_facets8_npix1024_tp1.image
2014-10-27 23:14:39	WARN	imstat::utils::verify	Argument imagename failed to verify.
2014-10-27 23:14:39	SEVERE	imstat::::casa	An error occurred running task imstat.
