2014-10-30 17:10:01	INFO	casa::::casa	---
2014-10-30 17:10:01	INFO	casa::::casa	CASA Version 4.2.0 (stable r27479)
2014-10-30 17:10:01	INFO	casa::::casa	  Tagged on: Mon, 09 Sep 2013
2014-10-30 17:14:59	INFO	clean::::casa	
2014-10-30 17:14:59	INFO	clean::::casa+	##########################################
2014-10-30 17:14:59	INFO	clean::::casa+	##### Begin Task: clean              #####
2014-10-30 17:14:59	INFO	clean::::casa	clean(vis="L85562_all_flagged.MS",imagename="cleantest_flg1_dt0-05-37.5_n0_it5000_wp1024_facets1_npix1024_tp7",outlierfile="",field="0",
2014-10-30 17:14:59	INFO	clean::::casa+	        spw="15~105",selectdata=True,timerange="2013/01/24/21:37:11.000000+0:05:37.5",uvrange="",antenna="",
2014-10-30 17:14:59	INFO	clean::::casa+	        scan="",observation="",intent="",mode="mfs",resmooth="",
2014-10-30 17:14:59	INFO	clean::::casa+	        gridmode="widefield",wprojplanes=1024,facets=1,cfcache="cfcache.dir",rotpainc=5.0,
2014-10-30 17:14:59	INFO	clean::::casa+	        painc=360.0,aterm=True,psterm=False,mterm=True,wbawp=False,
2014-10-30 17:14:59	INFO	clean::::casa+	        conjbeams=True,epjtable="",interpolation="linear",niter=5000,gain=0.1,
2014-10-30 17:14:59	INFO	clean::::casa+	        threshold="0.0mJy",psfmode="clark",imagermode="csclean",ftmachine="mosaic",mosweight=False,
2014-10-30 17:14:59	INFO	clean::::casa+	        scaletype="SAULT",multiscale=[0],negcomponent=-1,smallscalebias=0.6,interactive=False,
2014-10-30 17:14:59	INFO	clean::::casa+	        mask=[],nchan=-1,start=0,width=1,outframe="",
2014-10-30 17:14:59	INFO	clean::::casa+	        veltype="radio",imsize=[1024, 1024],cell="30.8033220509arcsec",phasecenter="",restfreq="",
2014-10-30 17:14:59	INFO	clean::::casa+	        stokes="I",weighting="briggs",robust=0.0,uvtaper=False,outertaper=[''],
2014-10-30 17:14:59	INFO	clean::::casa+	        innertaper=['1.0'],modelimage="",restoringbeam=[''],pbcor=False,minpb=0.2,
2014-10-30 17:14:59	INFO	clean::::casa+	        usescratch=False,noise="1.0Jy",npixels=0,npercycle=100,cyclefactor=1.5,
2014-10-30 17:14:59	INFO	clean::::casa+	        cyclespeedup=-1,nterms=2,reffreq="",chaniter=False,flatnoise=True,
2014-10-30 17:14:59	INFO	clean::::casa+	        allowchunk=False)
2014-10-30 17:14:59	INFO	clean::::casa	nchan=-1 start=0 width=1
2014-10-30 17:14:59	INFO	clean::::casa	Use default channelization for clean
2014-10-30 17:14:59	INFO	clean::::casa	clean image: cleantest_flg1_dt0-05-37.5_n0_it5000_wp1024_facets1_npix1024_tp7
2014-10-30 17:15:23	INFO	Imager::open() 	Opening MeasurementSet /home/mknapp/L85562_all_flagged.MS
2014-10-30 17:17:53	INFO	clean::::casa	FTMachine used is  wproject 
2014-10-30 17:17:54	INFO	imager::data selection	Performing selection on MeasurementSet : /home/mknapp/L85562_all_flagged.MS
2014-10-30 17:17:54	INFO	imager::data selection	Selecting on fields : 0
2014-10-30 17:17:54	INFO	imager::data selection	Selecting on spectral windows expression : 15~105
2014-10-30 17:17:54	INFO	imager::data selection	Selecting on time range : 2013/01/24/21:37:11.000000+0:05:37.5
2014-10-30 17:26:17	INFO	imager::data selection	Selected 2175082 out of 181964520 rows.
2014-10-30 17:26:17	INFO	imager::data selection	Selected: [1 chans in spw 15] [1 chans in spw 16] [1 chans in spw 17] [1 chans in spw 18] [1 chans in spw 19] [1 chans in spw 20] [1 chans in spw 21] [1 chans in spw 22] [1 chans in spw 23] [1 chans in spw 24] [1 chans in spw 25] [1 chans in spw 26] [1 chans in spw 27] [1 chans in spw 28] [1 chans in spw 29] [1 chans in spw 30] [1 chans in spw 31] [1 chans in spw 32] [1 chans in spw 33] [1 chans in spw 34] [1 chans in spw 35] [1 chans in spw 36] [1 chans in spw 37] [1 chans in spw 38] [1 chans in spw 39] [1 chans in spw 40] [1 chans in spw 41] [1 chans in spw 42] [1 chans in spw 43] [1 chans in spw 44] [1 chans in spw 45] [1 chans in spw 46] [1 chans in spw 47] [1 chans in spw 48] [1 chans in spw 49] [1 chans in spw 50] [1 chans in spw 51] [1 chans in spw 52] [1 chans in spw 53] [1 chans in spw 54] [1 chans in spw 55] [1 chans in spw 56] [1 chans in spw 57] [1 chans in spw 58] [1 chans in spw 59] [1 chans in spw 60] [1 chans in spw 61] [1 chans in spw 62] [1 chans in spw 63] [1 chans in spw 64] [1 chans in spw 65] [1 chans in spw 66] [1 chans in spw 67] [1 chans in spw 68] [1 chans in spw 69] [1 chans in spw 70] [1 chans in spw 71] [1 chans in spw 72] [1 chans in spw 73] [1 chans in spw 74] [1 chans in spw 75] [1 chans in spw 76] [1 chans in spw 77] [1 chans in spw 78] [1 chans in spw 79] [1 chans in spw 80] [1 chans in spw 81] [1 chans in spw 82] [1 chans in spw 83] [1 chans in spw 84] [1 chans in spw 85] [1 chans in spw 86] [1 chans in spw 87] [1 chans in spw 88] [1 chans in spw 89] [1 chans in spw 90] [1 chans in spw 91] [1 chans in spw 92] [1 chans in spw 93] [1 chans in spw 94] [1 chans in spw 95] [1 chans in spw 96] [1 chans in spw 97] [1 chans in spw 98] [1 chans in spw 99] [1 chans in spw 100] [1 chans in spw 101] [1 chans in spw 102] [1 chans in spw 103] [1 chans in spw 104] [1 chans in spw 105]
2014-10-30 17:26:33	INFO	imager::defineimage()	Defining image properties:nx=1024 ny=1024 cellx='30.8033arcsec' celly='30.8033arcsec' stokes=I' mode=MFS nchan=-1 start=0 step=1 spwids=[15, 16, 17, 18, 19, 20, 21, 22, 23, 24, 25, 26, 27, 28, 29, 30, 31, 32, 33, 34, 35, 36, 37, 38, 39, 40, 41, 42, 43, 44, 45, 46, 47, 48, 49, 50, 51, 52, 53, 54, 55, 56, 57, 58, 59, 60, 61, 62, 63, 64, 65, 66, 67, 68, 69, 70, 71, 72, 73, 74, 75, 76, 77, 78, 79, 80, 81, 82, 83, 84, 85, 86, 87, 88, 89, 90, 91, 92, 93, 94, 95, 96, 97, 98, 99, 100, 101, 102, 103, 104, 105] fieldid=0 facets=1 frame=5 distance='0'
2014-10-30 17:26:33	INFO	imager::defineimage()	 phaseCenter='field-0 ' mStart='Radialvelocity: 0' qStep='0 '' mFreqStart='Frequency: 0
2014-10-30 17:26:33	SEVERE	MeasTable::dUTC(Double) (file /var/rpmbuild/BUILD/casapy-stable/casapy-stable-42.0.26465/casacore/measures/Measures/MeasTable.cc, line 6657)	Leap second table TAI_UTC seems out-of-date. 
2014-10-30 17:26:33	SEVERE	MeasTable::dUTC(Double) (file /var/rpmbuild/BUILD/casapy-stable/casapy-stable-42.0.26465/casacore/measures/Measures/MeasTable.cc, line 6657)+	Until table is updated (see aips++ manager) times and coordinates
2014-10-30 17:26:33	SEVERE	MeasTable::dUTC(Double) (file /var/rpmbuild/BUILD/casapy-stable/casapy-stable-42.0.26465/casacore/measures/Measures/MeasTable.cc, line 6657)+	derived from UTC could be wrong by 1s or more.
2014-10-30 17:26:33	INFO	Imager::setvp() 	Setting voltage pattern parameters
2014-10-30 17:26:33	INFO	Imager::setvp() 	Sky position tolerance is 180 degrees
2014-10-30 17:26:33	INFO	Imager::setvp() 	Using system default voltage patterns for each telescope
2014-10-30 17:26:33	INFO	imager::makeimage() 	Calculating image (without full skyequation)
2014-10-30 17:26:36	INFO	Imager::setvp() 	Setting voltage pattern parameters
2014-10-30 17:26:36	INFO	imager::weight()	Weighting MS: Imaging weights will be changed
2014-10-30 17:26:36	INFO	imager::weight()	Briggs weighting: sidelobes will be suppressed over full image
2014-10-30 17:26:38	INFO	VisSetUtil::VisImagingWeight() 	Normal robustness, robust = 0
2014-10-30 17:26:38	INFO	clean::::casa	Used mask(s) : [''] to create mask image(s) : cleantest_flg1_dt0-05-37.5_n0_it5000_wp1024_facets1_npix1024_tp7.mask
2014-10-30 17:26:38	INFO	imager::setoptions() 	Setting processing options
2014-10-30 17:26:38	INFO	clean::::casa	No model found. Making empty initial model : cleantest_flg1_dt0-05-37.5_n0_it5000_wp1024_facets1_npix1024_tp7.model.tt0
2014-10-30 17:26:38	INFO	clean::::casa	No model found. Making empty initial model : cleantest_flg1_dt0-05-37.5_n0_it5000_wp1024_facets1_npix1024_tp7.model.tt1
2014-10-30 17:26:38	INFO	clean::::casa	Running MS-MFS with 2 Taylor-terms on dataset : L85562_all_flagged.MS
2014-10-30 17:26:39	INFO	Imager::imagecoordinates() 	Center frequency = 0.0535139 GHz, synthesized continuum bandwidth = 0.0355467 GHz
2014-10-30 17:26:39	INFO	Imager::imagecoordinates() 	Setting center frequency as MS-MFS reference frequency
2014-10-30 17:26:39	INFO	imager::clean()	Using multi frequency synthesis algorithm
2014-10-30 17:26:39	INFO	imager::createFTMachine() 	Performing w-plane projection
2014-10-30 17:26:39	INFO	imager::clean()	Clean gain = 0.1, Niter = 5000, Threshold = 0 mJy
2014-10-30 17:26:39	INFO	imager::clean()	Starting deconvolution
2014-10-30 17:26:39	INFO	WBCleanImageSkyModel::solve	MSMFS algorithm (v2.6) with 2 Taylor coefficients and Reference Frequency of 5.35139e+07 Hz
2014-10-30 17:26:39	INFO	WBCleanImageSkyModel::solve	Fractional Bandwidth : 66.4253 %.
2014-10-30 17:26:39	INFO	WBCleanImageSkyModel::solve	Calculating initial residual images...
2014-10-30 17:26:39	INFO	WPConvFunc::findConvFunction	W projection using 1024 planes
2014-10-30 17:26:39	INFO	WPConvFunc::findConvFunction	Estimating maximum possible W = 1674.05 (wavelengths)
2014-10-30 17:26:39	INFO	WPConvFunc::findConvFunction	Typical wavelength = 8.34241 (m)
2014-10-30 17:26:39	INFO	WPConvFunc::findConvFunction	Scaling in W (at maximum W) = 0.00159962 wavelengths per pixel
2014-10-30 17:32:57	INFO	WPConvFunc::findConvFunction	Convolution support = [16, 16, 16, 16, 16, 16, 16, 16, 16, 16, 16, 16, 16, 16, 16, 16, 16, 16, 16, 16, 16, 16, 16, 16, 16, 16, 16, 16, 16, 16, 16, 16, 16, 16, 16, 16, 16, 16, 16, 16, 16, 16, 16, 16, 16, 16, 16, 16, 16, 16, 16, 16, 16, 16, 16, 16, 16, 16, 16, 16, 16, 16, 16, 16, 16, 16, 16, 16, 16, 16, 16, 16, 16, 16, 16, 16, 16, 16, 16, 16, 16, 16, 16, 16, 16, 16, 16, 16, 16, 16, 16, 16, 16, 16, 16, 16, 16, 16, 16, 16, 16, 16, 16, 16, 16, 16, 16, 16, 16, 16, 16, 16, 16, 16, 16, 16, 16, 16, 16, 16, 16, 16, 16, 16, 16, 16, 16, 16, 16, 16, 16, 16, 16, 16, 16, 16, 16, 16, 16, 16, 16, 16, 16, 16, 16, 20, 20, 20, 20, 20, 20, 20, 20, 20, 20, 20, 20, 20, 20, 20, 20, 20, 20, 20, 20, 20, 20, 20, 20, 20, 20, 20, 20, 20, 20, 20, 20, 20, 20, 20, 20, 20, 20, 20, 20, 20, 20, 20, 20, 20, 20, 20, 20, 20, 20, 20, 20, 20, 20, 20, 20, 20, 20, 20, 20, 20, 20, 20, 20, 20, 20, 20, 20, 20, 20, 20, 20, 20, 20, 20, 20, 20, 20, 20, 20, 20, 20, 20, 20, 20, 20, 20, 20, 20, 20, 20, 20, 20, 24, 24, 24, 24, 24, 24, 24, 24, 24, 24, 24, 24, 24, 24, 24, 24, 24, 24, 24, 24, 24, 24, 24, 24, 24, 24, 24, 24, 24, 24, 24, 24, 24, 24, 24, 24, 24, 24, 24, 24, 24, 24, 24, 24, 24, 24, 24, 24, 24, 24, 24, 24, 24, 24, 24, 24, 24, 24, 24, 24, 24, 24, 24, 24, 24, 24, 24, 24, 24, 24, 28, 28, 28, 28, 28, 28, 28, 28, 28, 28, 28, 28, 28, 28, 28, 28, 28, 28, 28, 28, 28, 28, 28, 28, 28, 28, 28, 28, 28, 28, 28, 28, 28, 28, 28, 28, 28, 28, 28, 28, 28, 28, 28, 28, 28, 28, 28, 28, 28, 28, 28, 28, 28, 28, 28, 28, 28, 28, 32, 32, 32, 32, 32, 32, 32, 32, 32, 32, 32, 32, 32, 32, 32, 32, 32, 32, 32, 32, 32, 32, 32, 32, 32, 32, 32, 32, 32, 32, 32, 32, 32, 32, 32, 32, 32, 32, 32, 32, 32, 32, 32, 32, 32, 32, 32, 32, 32, 32, 36, 36, 36, 36, 36, 36, 36, 36, 36, 36, 36, 36, 36, 36, 36, 36, 36, 36, 36, 36, 36, 36, 36, 36, 36, 36, 36, 36, 36, 36, 36, 36, 36, 36, 36, 36, 36, 36, 36, 36, 36, 36, 36, 36, 36, 36, 40, 40, 40, 40, 40, 40, 40, 40, 40, 40, 40, 40, 40, 40, 40, 40, 40, 40, 40, 40, 40, 40, 40, 40, 40, 40, 40, 40, 40, 40, 40, 40, 40, 40, 40, 40, 40, 40, 40, 40, 40, 40, 44, 44, 44, 44, 44, 44, 44, 44, 44, 44, 44, 44, 44, 44, 44, 44, 44, 44, 44, 44, 44, 44, 44, 44, 44, 44, 44, 44, 44, 44, 44, 44, 44, 44, 44, 44, 44, 44, 44, 44, 48, 48, 48, 48, 48, 48, 48, 48, 48, 48, 48, 48, 48, 48, 48, 48, 48, 48, 48, 48, 48, 48, 48, 48, 48, 48, 48, 48, 48, 48, 48, 48, 48, 48, 48, 48, 48, 52, 52, 52, 52, 52, 52, 52, 52, 52, 52, 52, 52, 52, 52, 52, 52, 52, 52, 52, 52, 52, 52, 52, 52, 52, 52, 52, 52, 52, 52, 52, 52, 52, 52, 52, 56, 56, 56, 56, 56, 56, 56, 56, 56, 56, 56, 56, 56, 56, 56, 56, 56, 56, 56, 56, 56, 56, 56, 56, 56, 56, 56, 56, 56, 56, 56, 56, 56, 56, 60, 60, 60, 60, 60, 60, 60, 60, 60, 60, 60, 60, 60, 60, 60, 60, 60, 60, 60, 60, 60, 60, 60, 60, 60, 60, 60, 60, 60, 60, 60, 64, 64, 64, 64, 64, 64, 64, 64, 64, 64, 64, 64, 64, 64, 64, 64, 64, 64, 64, 64, 64, 64, 64, 64, 64, 64, 64, 64, 64, 64, 64, 68, 68, 68, 68, 68, 68, 68, 68, 68, 68, 68, 68, 68, 68, 68, 68, 68, 68, 68, 68, 68, 68, 68, 68, 68, 68, 68, 68, 68, 72, 72, 72, 72, 72, 72, 72, 72, 72, 72, 72, 72, 72, 72, 72, 72, 72, 72, 72, 72, 72, 72, 72, 72, 72, 72, 72, 72, 72, 76, 76, 76, 76, 76, 76, 76, 76, 76, 76, 76, 76, 76, 76, 76, 76, 76, 76, 76, 76, 76, 76, 76, 76, 76, 76, 76, 80, 80, 80, 80, 80, 80, 80, 80, 80, 80, 80, 80, 80, 80, 80, 80, 80, 80, 80, 80, 80, 80, 80, 80, 80, 80, 80, 84, 84, 84, 84, 84, 84, 84, 84, 84, 84, 84, 84, 84, 84, 84, 84, 84, 84, 84, 84, 84, 84, 84, 84, 84, 88, 88, 88, 88, 88, 88, 88, 88, 88, 88, 88, 88, 88, 88, 88, 88, 88, 88, 88, 88, 88, 88, 88, 88, 88, 92, 92, 92, 92, 92, 92, 92, 92, 92, 92, 92, 92, 92, 92, 92, 92, 92, 92, 92, 92, 92, 92, 92, 92, 92, 96, 96, 96, 96, 96, 96, 96, 96, 96, 96, 96, 96, 96, 96, 96, 96, 96, 96, 96, 96, 96, 96, 96, 100, 100, 100, 100, 100, 100, 100, 100, 100, 100, 100, 100, 100, 100, 100, 100, 100, 100, 100, 100, 100, 100, 100, 100, 104, 104, 104, 104, 104, 104, 104, 104, 104, 104, 104, 104, 104, 104, 104, 104, 104, 104, 104, 104, 104, 104, 108, 108, 108, 108, 108, 108, 108, 108, 108, 108, 108, 108, 108, 108, 108, 108, 108, 108, 108, 108, 108, 108, 112, 112, 112, 112, 112, 112, 112, 112, 112, 112, 112, 112, 112, 112, 112, 112, 112, 112, 112, 112, 112, 112, 116, 116, 116, 116, 116, 116, 116, 116, 116, 116, 116, 116] pixels in Fourier plane
2014-10-30 17:32:57	INFO	WPConvFunc::findConvFunction	Memory used in gridding function = 118 MB from maximum 15298 MB
2014-10-30 17:33:25	INFO	WBCleanImageSkyModel::solve	Calculating spectral PSFs...
2014-10-30 17:33:44	SEVERE	WBCleanImageSkyModel::solve	Could not make PSFs. Please check image co-ordinate system : Terminating....
2014-10-30 17:33:44	SEVERE	clean::::casa	An error occurred running task clean.
2014-10-30 17:33:44	INFO	imstat::utils::verify	Verifying arguments....File existence checking failed for imagename cleantest_flg1_dt0-05-37.5_n0_it5000_wp1024_facets1_npix1024_tp7.image.tt0
2014-10-30 17:33:44	WARN	imstat::utils::verify	Argument imagename failed to verify.
2014-10-30 17:33:44	SEVERE	imstat::::casa	An error occurred running task imstat.
