2014-10-14 14:31:29	INFO	casa::::casa	---
2014-10-14 14:31:29	INFO	casa::::casa	CASA Version 4.2.0 (stable r27479)
2014-10-14 14:31:29	INFO	casa::::casa	  Tagged on: Mon, 09 Sep 2013
2014-10-14 14:36:06	INFO	simple_cluster::check_host_resources::casa	Host govcloud-128-149-57-249, Number of cores 32, Memory available 244188MB, CPU capacity available 100.0%
2014-10-14 14:36:06	INFO	simple_cluster::config_cluster::casa	Will deploy up to 30 engines at node govcloud-128-149-57-249
2014-10-14 14:36:06	INFO	simple_cluster::config_cluster::casa	Will use up to 219769MB of memory at node govcloud-128-149-57-249
2014-10-14 14:36:06	INFO	simple_cluster::config_cluster::casa	Required memory per engine 4096.0MB allows to deploy up to 54 engines at node govcloud-128-149-57-249 
2014-10-14 14:36:06	INFO	simple_cluster::config_cluster::casa	Cap number of engines deployed at node govcloud-128-149-57-249 from 54 to 30 in order to meet maximum number of engines constraint
2014-10-14 14:36:07	INFO	parallel_go::start_controller::casa	Controller 1848 started
2014-10-14 14:36:22	INFO	parallel_go::start_engine::casa	start engine 1 on govcloud-128-149-57-249
2014-10-14 14:36:23	INFO	parallel_go::start_engine::casa	start engine 2 on govcloud-128-149-57-249
2014-10-14 14:36:23	INFO	parallel_go::start_engine::casa	start engine 3 on govcloud-128-149-57-249
2014-10-14 14:36:23	INFO	parallel_go::start_engine::casa	start engine 4 on govcloud-128-149-57-249
2014-10-14 14:36:23	INFO	parallel_go::start_engine::casa	start engine 5 on govcloud-128-149-57-249
2014-10-14 14:36:24	INFO	parallel_go::start_engine::casa	start engine 6 on govcloud-128-149-57-249
2014-10-14 14:36:24	INFO	parallel_go::start_engine::casa	start engine 7 on govcloud-128-149-57-249
2014-10-14 14:36:24	INFO	parallel_go::start_engine::casa	start engine 8 on govcloud-128-149-57-249
2014-10-14 14:36:25	INFO	parallel_go::start_engine::casa	start engine 9 on govcloud-128-149-57-249
2014-10-14 14:36:25	INFO	parallel_go::start_engine::casa	start engine 10 on govcloud-128-149-57-249
2014-10-14 14:36:25	INFO	parallel_go::start_engine::casa	start engine 11 on govcloud-128-149-57-249
2014-10-14 14:36:25	INFO	parallel_go::start_engine::casa	start engine 12 on govcloud-128-149-57-249
2014-10-14 14:36:26	INFO	parallel_go::start_engine::casa	start engine 13 on govcloud-128-149-57-249
2014-10-14 14:36:26	INFO	parallel_go::start_engine::casa	start engine 14 on govcloud-128-149-57-249
2014-10-14 14:36:26	INFO	parallel_go::start_engine::casa	start engine 15 on govcloud-128-149-57-249
2014-10-14 14:36:27	INFO	parallel_go::start_engine::casa	start engine 16 on govcloud-128-149-57-249
2014-10-14 14:36:27	INFO	parallel_go::start_engine::casa	start engine 17 on govcloud-128-149-57-249
2014-10-14 14:36:27	INFO	parallel_go::start_engine::casa	start engine 18 on govcloud-128-149-57-249
2014-10-14 14:36:27	INFO	parallel_go::start_engine::casa	start engine 19 on govcloud-128-149-57-249
2014-10-14 14:36:28	INFO	parallel_go::start_engine::casa	start engine 20 on govcloud-128-149-57-249
2014-10-14 14:36:28	INFO	parallel_go::start_engine::casa	start engine 21 on govcloud-128-149-57-249
2014-10-14 14:36:28	INFO	parallel_go::start_engine::casa	start engine 22 on govcloud-128-149-57-249
2014-10-14 14:36:29	INFO	parallel_go::start_engine::casa	start engine 23 on govcloud-128-149-57-249
2014-10-14 14:36:29	INFO	parallel_go::start_engine::casa	start engine 24 on govcloud-128-149-57-249
2014-10-14 14:36:29	INFO	parallel_go::start_engine::casa	start engine 25 on govcloud-128-149-57-249
2014-10-14 14:36:30	INFO	parallel_go::start_engine::casa	start engine 26 on govcloud-128-149-57-249
2014-10-14 14:36:30	INFO	parallel_go::start_engine::casa	start engine 27 on govcloud-128-149-57-249
2014-10-14 14:36:30	INFO	parallel_go::start_engine::casa	start engine 28 on govcloud-128-149-57-249
2014-10-14 14:36:30	INFO	parallel_go::start_engine::casa	start engine 29 on govcloud-128-149-57-249
2014-10-14 14:36:31	INFO	parallel_go::start_engine::casa	start engine 30 on govcloud-128-149-57-249
2014-10-14 14:36:35	INFO	parallel_go::init_nodes::casa	Initialize engines [0, 1, 2, 3, 4, 5, 6, 7, 8, 9, 10, 11, 12, 13, 14, 15, 16, 17, 18, 19, 20, 21, 22, 23, 24, 25, 26, 27, 28, 29]
2014-10-14 14:37:40	INFO	pclean::::casa	
2014-10-14 14:37:40	INFO	pclean::::casa+	##########################################
2014-10-14 14:37:40	INFO	pclean::::casa+	##### Begin Task: pclean             #####
2014-10-14 14:37:40	INFO	pclean::::casa	pclean(vis="L85562_all_flagged.MS",imagename="timesteps_flg1_dt0-05-37.5_n0_it500_wp512_facets8_npix2048",imsize=[2048, 2048],cell="30.8033220509arcsec",
2014-10-14 14:37:40	INFO	pclean::::casa+	        phasecenter="",stokes="I",mask="",field="0",spw="15~105",
2014-10-14 14:37:40	INFO	pclean::::casa+	        ftmachine="wproject",alg="multiscale",scales=[0],cyclefactor=1.5,majorcycles=5,
2014-10-14 14:37:40	INFO	pclean::::casa+	        niter=500,gain=0.1,threshold="0.0Jy",weighting="natural",robust=0.0,
2014-10-14 14:37:40	INFO	pclean::::casa+	        npixels=0,mode="continuum",nterms=1,start=0,nchan=1,
2014-10-14 14:37:40	INFO	pclean::::casa+	        width=1,restfreq="",interactive=False,npercycle=100,wprojplanes=512,
2014-10-14 14:37:40	INFO	pclean::::casa+	        facets=8,overwrite=True,uvtaper=False,outertaper=[''],timerange="2013/01/24/21:37:11.000000+0:05:37.5",
2014-10-14 14:37:40	INFO	pclean::::casa+	        uvrange="",antenna="",scan="",observation="",pbcor=False,
2014-10-14 14:37:40	INFO	pclean::::casa+	        minpb=0.2,clusterdef="")
2014-10-14 14:37:49	SEVERE	parallel_go::MeasTable::dUTC(Double) (file /var/rpmbuild/BUILD/casapy-stable/casapy-stable-42.0.26465/casacore/measures/Measures/MeasTable.cc, line 6657)	Leap second table TAI_UTC seems out-of-date. 
2014-10-14 14:37:49	SEVERE	parallel_go::MeasTable::dUTC(Double) (file /var/rpmbuild/BUILD/casapy-stable/casapy-stable-42.0.26465/casacore/measures/Measures/MeasTable.cc, line 6657)+	Until table is updated (see aips++ manager) times and coordinates
2014-10-14 14:37:49	SEVERE	parallel_go::MeasTable::dUTC(Double) (file /var/rpmbuild/BUILD/casapy-stable/casapy-stable-42.0.26465/casacore/measures/Measures/MeasTable.cc, line 6657)+	derived from UTC could be wrong by 1s or more.
2014-10-14 14:48:58	SEVERE	parallel_go::check_job::casa	Error retrieving result of job from engine: one or more exceptions from call to method: execute
2014-10-14 14:48:58	SEVERE	parallel_go::check_job::casa+	[21:execute]: RuntimeError: std::bad_alloc, backtrace:
2014-10-14 14:48:58	SEVERE	parallel_go::::casa	An error occurred running task pclean.
2014-10-14 14:48:58	INFO	imstat::utils::verify	Verifying arguments....File existence checking failed for imagename timesteps_flg1_dt0-05-37.5_n0_it500_wp512_facets8_npix2048.image
2014-10-14 14:48:58	WARN	imstat::utils::verify	Argument imagename failed to verify.
2014-10-14 14:48:58	SEVERE	imstat::::casa	An error occurred running task imstat.
2014-10-14 14:55:33	INFO	simple_cluster::check_host_resources::casa	Host govcloud-128-149-57-249, Number of cores 32, Memory available 244168MB, CPU capacity available 100.0%
2014-10-14 14:55:33	INFO	simple_cluster::config_cluster::casa	Will deploy up to 15 engines at node govcloud-128-149-57-249
2014-10-14 14:55:33	INFO	simple_cluster::config_cluster::casa	Will use up to 219751MB of memory at node govcloud-128-149-57-249
2014-10-14 14:55:33	INFO	simple_cluster::config_cluster::casa	Required memory per engine 4096.0MB allows to deploy up to 54 engines at node govcloud-128-149-57-249 
2014-10-14 14:55:33	INFO	simple_cluster::config_cluster::casa	Cap number of engines deployed at node govcloud-128-149-57-249 from 54 to 15 in order to meet maximum number of engines constraint
2014-10-14 14:55:33	WARN	simple_cluster::config_cluster::casa	Node config should be at least: 'hostname, numengine, workdir'
2014-10-14 14:55:33	WARN	simple_cluster::config_cluster::casa	The following entry will be ignored: 
2014-10-14 14:55:34	INFO	parallel_go::start_controller::casa	Controller 5701 started
2014-10-14 14:55:49	INFO	parallel_go::start_engine::casa	start engine 1 on govcloud-128-149-57-249
2014-10-14 14:55:50	INFO	parallel_go::start_engine::casa	start engine 2 on govcloud-128-149-57-249
2014-10-14 14:55:50	INFO	parallel_go::start_engine::casa	start engine 3 on govcloud-128-149-57-249
2014-10-14 14:55:50	INFO	parallel_go::start_engine::casa	start engine 4 on govcloud-128-149-57-249
2014-10-14 14:55:51	INFO	parallel_go::start_engine::casa	start engine 5 on govcloud-128-149-57-249
2014-10-14 14:55:51	INFO	parallel_go::start_engine::casa	start engine 6 on govcloud-128-149-57-249
2014-10-14 14:55:51	INFO	parallel_go::start_engine::casa	start engine 7 on govcloud-128-149-57-249
2014-10-14 14:55:52	INFO	parallel_go::start_engine::casa	start engine 8 on govcloud-128-149-57-249
2014-10-14 14:55:52	INFO	parallel_go::start_engine::casa	start engine 9 on govcloud-128-149-57-249
2014-10-14 14:55:52	INFO	parallel_go::start_engine::casa	start engine 10 on govcloud-128-149-57-249
2014-10-14 14:55:52	INFO	parallel_go::start_engine::casa	start engine 11 on govcloud-128-149-57-249
2014-10-14 14:55:53	INFO	parallel_go::start_engine::casa	start engine 12 on govcloud-128-149-57-249
2014-10-14 14:55:53	INFO	parallel_go::start_engine::casa	start engine 13 on govcloud-128-149-57-249
2014-10-14 14:55:53	INFO	parallel_go::start_engine::casa	start engine 14 on govcloud-128-149-57-249
2014-10-14 14:55:54	INFO	parallel_go::start_engine::casa	start engine 15 on govcloud-128-149-57-249
2014-10-14 14:55:57	INFO	parallel_go::init_nodes::casa	Initialize engines [0, 1, 2, 3, 4, 5, 6, 7, 8, 9, 10, 11, 12, 13, 14]
2014-10-14 14:56:49	INFO	pclean::::casa	
2014-10-14 14:56:49	INFO	pclean::::casa+	##########################################
2014-10-14 14:56:49	INFO	pclean::::casa+	##### Begin Task: pclean             #####
2014-10-14 14:56:49	INFO	pclean::::casa	pclean(vis="L85562_all_flagged.MS",imagename="timesteps_flg1_dt0-05-37.5_n0_it1000_wp512_facets8_npix2048",imsize=[2048, 2048],cell="30.8033220509arcsec",
2014-10-14 14:56:49	INFO	pclean::::casa+	        phasecenter="",stokes="I",mask="",field="0",spw="15~105",
2014-10-14 14:56:49	INFO	pclean::::casa+	        ftmachine="wproject",alg="multiscale",scales=[0],cyclefactor=1.5,majorcycles=5,
2014-10-14 14:56:49	INFO	pclean::::casa+	        niter=1000,gain=0.1,threshold="0.0Jy",weighting="natural",robust=0.0,
2014-10-14 14:56:49	INFO	pclean::::casa+	        npixels=0,mode="continuum",nterms=1,start=0,nchan=1,
2014-10-14 14:56:49	INFO	pclean::::casa+	        width=1,restfreq="",interactive=False,npercycle=100,wprojplanes=512,
2014-10-14 14:56:49	INFO	pclean::::casa+	        facets=8,overwrite=True,uvtaper=False,outertaper=[''],timerange="2013/01/24/21:37:11.000000+0:05:37.5",
2014-10-14 14:56:49	INFO	pclean::::casa+	        uvrange="",antenna="",scan="",observation="",pbcor=False,
2014-10-14 14:56:49	INFO	pclean::::casa+	        minpb=0.2,clusterdef="")
2014-10-14 15:09:07	INFO	parallel_go::image::statistics 	Determining stats for image __sumweight_image
2014-10-14 15:09:07	INFO	parallel_go::CasacRegionManager::fromBCS	No directional region specified. Using full positional plane.
2014-10-14 15:09:07	INFO	parallel_go::CasacRegionManager::fromBCS	Using all spectral channels.
2014-10-14 15:09:07	INFO	parallel_go::CasacRegionManager::fromBCS	Using polarizations ALL
2014-10-14 15:09:07	INFO	parallel_go::ImageRegion::fromRecord	Selected bounding box : 
2014-10-14 15:09:07	INFO	parallel_go::ImageRegion::fromRecord+	    [0, 0, 0, 0] to [2047, 2047, 0, 0]  (10:09:28.505, +41.07.13.739, I, 53513891.51Hz to 08:14:50.477, +58.23.22.384, I, 53513891.51Hz)
2014-10-14 15:09:07	INFO	parallel_go::ImageStatsCalculator::statistics	Regions --- 
2014-10-14 15:09:07	INFO	parallel_go::ImageStatsCalculator::statistics	         -- bottom-left corner (pixel) [blc]:  [0, 0, 0, 0]
2014-10-14 15:09:07	INFO	parallel_go::ImageStatsCalculator::statistics	         -- top-right corner (pixel) [trc]:    [2047, 2047, 0, 0]
2014-10-14 15:09:07	INFO	parallel_go::ImageStatsCalculator::statistics	         -- bottom-left corner (world) [blcf]: 10:09:28.505, +41.07.13.739, I, 53513891.51Hz
2014-10-14 15:09:07	INFO	parallel_go::ImageStatsCalculator::statistics	         -- top-right corner (world) [trcf]:   08:14:50.477, +58.23.22.384, I, 53513891.51Hz
2014-10-14 15:09:07	INFO	parallel_go::::	Values --- 
2014-10-14 15:09:07	INFO	parallel_go::::	         -- number of points [npts]:                4.1943e+06
2014-10-14 15:09:07	INFO	parallel_go::::	         -- maximum value [max]:                    1.87129e+08 
2014-10-14 15:09:07	INFO	parallel_go::::	         -- minimum value [min]:                    1.87129e+08 
2014-10-14 15:09:07	INFO	parallel_go::::	         -- position of max value (pixel) [maxpos]: [0, 0, 0, 0]
2014-10-14 15:09:07	INFO	parallel_go::::	         -- position of min value (pixel) [minpos]: [0, 0, 0, 0]
2014-10-14 15:09:07	INFO	parallel_go::::	         -- position of max value (world) [maxposf]: 10:09:28.505, +41.07.13.739, I, 53513891.51Hz
2014-10-14 15:09:07	INFO	parallel_go::::	         -- position of min value (world) [minposf]: 10:09:28.505, +41.07.13.739, I, 53513891.51Hz
2014-10-14 15:09:07	INFO	parallel_go::::	         -- Sum of pixel values [sum]:               7.84878e+14 
2014-10-14 15:09:07	INFO	parallel_go::::	         -- Sum of squared pixel values [sumsq]:     1.46874e+23 
2014-10-14 15:09:07	INFO	parallel_go::::	Statistics --- 
2014-10-14 15:09:07	INFO	parallel_go::::	        -- Mean of the pixel values [mean]:         1.87129e+08 
2014-10-14 15:09:07	INFO	parallel_go::::	        -- Variance of the pixel values :           0 0
2014-10-14 15:09:07	INFO	parallel_go::::	        -- Standard deviation of the Mean [sigma]:  0 
2014-10-14 15:09:07	INFO	parallel_go::::	        -- Root mean square [rms]:                  1.87129e+08 
2014-10-14 15:09:07	INFO	parallel_go::CasacRegionManager::fromBCS	No directional region specified. Using full positional plane.
2014-10-14 15:09:07	INFO	parallel_go::CasacRegionManager::fromBCS	Using all spectral channels.
2014-10-14 15:09:07	INFO	parallel_go::CasacRegionManager::fromBCS	Using polarizations ALL
2014-10-14 15:09:07	INFO	parallel_go::ImageRegion::fromRecord	Selected bounding box : 
2014-10-14 15:09:07	INFO	parallel_go::ImageRegion::fromRecord+	    [0, 0, 0, 0] to [2047, 2047, 0, 0]  (10:09:28.505, +41.07.13.739, I, 53513891.51Hz to 08:14:50.477, +58.23.22.384, I, 53513891.51Hz)
2014-10-14 15:09:07	INFO	parallel_go::ImageStatsCalculator::statistics	# Npts          Sum           Mean          Rms           Std dev       Minimum       Maximum     
2014-10-14 15:09:07	INFO	parallel_go::ImageStatsCalculator::statistics+	 4.194304e+06  7.848776e+14  1.871294e+08  1.871294e+08  0.000000e+00  1.871294e+08  1.871294e+08
2014-10-14 15:09:08	WARN	parallel_go::image::removefile	/home/mknapp/timesteps_flg1_dt0-05-37.5_n0_it1000_wp512_facets8_npix2048.mask does not exist.
2014-10-14 15:09:08	INFO	parallel_go::ImageAnalysis::imagefromimage	Creating image '/home/mknapp/timesteps_flg1_dt0-05-37.5_n0_it1000_wp512_facets8_npix2048.mask' of shape [2048, 2048, 1, 1]
2014-10-14 15:09:08	INFO	parallel_go::ImageAnalysis::imagefromimage	Creating image '/home/mknapp/timesteps_flg1_dt0-05-37.5_n0_it1000_wp512_facets8_npix2048.model' of shape [2048, 2048, 1, 1]
2014-10-14 15:09:09	INFO	parallel_go::image::statistics 	Determining stats for image __sumweight_image
2014-10-14 15:09:09	INFO	parallel_go::CasacRegionManager::fromBCS	No directional region specified. Using full positional plane.
2014-10-14 15:09:09	INFO	parallel_go::CasacRegionManager::fromBCS	Using all spectral channels.
2014-10-14 15:09:09	INFO	parallel_go::CasacRegionManager::fromBCS	Using polarizations ALL
2014-10-14 15:09:09	INFO	parallel_go::ImageRegion::fromRecord	Selected bounding box : 
2014-10-14 15:09:09	INFO	parallel_go::ImageRegion::fromRecord+	    [0, 0, 0, 0] to [2047, 2047, 0, 0]  (10:09:28.505, +41.07.13.739, I, 53513891.51Hz to 08:14:50.477, +58.23.22.384, I, 53513891.51Hz)
2014-10-14 15:09:09	INFO	parallel_go::ImageStatsCalculator::statistics	Regions --- 
2014-10-14 15:09:09	INFO	parallel_go::ImageStatsCalculator::statistics	         -- bottom-left corner (pixel) [blc]:  [0, 0, 0, 0]
2014-10-14 15:09:09	INFO	parallel_go::ImageStatsCalculator::statistics	         -- top-right corner (pixel) [trc]:    [2047, 2047, 0, 0]
2014-10-14 15:09:09	INFO	parallel_go::ImageStatsCalculator::statistics	         -- bottom-left corner (world) [blcf]: 10:09:28.505, +41.07.13.739, I, 53513891.51Hz
2014-10-14 15:09:09	INFO	parallel_go::ImageStatsCalculator::statistics	         -- top-right corner (world) [trcf]:   08:14:50.477, +58.23.22.384, I, 53513891.51Hz
2014-10-14 15:09:09	INFO	parallel_go::::	Values --- 
2014-10-14 15:09:09	INFO	parallel_go::::	         -- number of points [npts]:                4.1943e+06
2014-10-14 15:09:09	INFO	parallel_go::::	         -- maximum value [max]:                    1.87129e+08 
2014-10-14 15:09:09	INFO	parallel_go::::	         -- minimum value [min]:                    1.87129e+08 
2014-10-14 15:09:09	INFO	parallel_go::::	         -- position of max value (pixel) [maxpos]: [0, 0, 0, 0]
2014-10-14 15:09:09	INFO	parallel_go::::	         -- position of min value (pixel) [minpos]: [0, 0, 0, 0]
2014-10-14 15:09:09	INFO	parallel_go::::	         -- position of max value (world) [maxposf]: 10:09:28.505, +41.07.13.739, I, 53513891.51Hz
2014-10-14 15:09:09	INFO	parallel_go::::	         -- position of min value (world) [minposf]: 10:09:28.505, +41.07.13.739, I, 53513891.51Hz
2014-10-14 15:09:09	INFO	parallel_go::::	         -- Sum of pixel values [sum]:               7.84878e+14 
2014-10-14 15:09:09	INFO	parallel_go::::	         -- Sum of squared pixel values [sumsq]:     1.46874e+23 
2014-10-14 15:09:09	INFO	parallel_go::::	Statistics --- 
2014-10-14 15:09:09	INFO	parallel_go::::	        -- Mean of the pixel values [mean]:         1.87129e+08 
2014-10-14 15:09:09	INFO	parallel_go::::	        -- Variance of the pixel values :           0 0
2014-10-14 15:09:09	INFO	parallel_go::::	        -- Standard deviation of the Mean [sigma]:  0 
2014-10-14 15:09:09	INFO	parallel_go::::	        -- Root mean square [rms]:                  1.87129e+08 
2014-10-14 15:09:09	INFO	parallel_go::CasacRegionManager::fromBCS	No directional region specified. Using full positional plane.
2014-10-14 15:09:09	INFO	parallel_go::CasacRegionManager::fromBCS	Using all spectral channels.
2014-10-14 15:09:09	INFO	parallel_go::CasacRegionManager::fromBCS	Using polarizations ALL
2014-10-14 15:09:09	INFO	parallel_go::ImageRegion::fromRecord	Selected bounding box : 
2014-10-14 15:09:09	INFO	parallel_go::ImageRegion::fromRecord+	    [0, 0, 0, 0] to [2047, 2047, 0, 0]  (10:09:28.505, +41.07.13.739, I, 53513891.51Hz to 08:14:50.477, +58.23.22.384, I, 53513891.51Hz)
2014-10-14 15:09:09	INFO	parallel_go::ImageStatsCalculator::statistics	# Npts          Sum           Mean          Rms           Std dev       Minimum       Maximum     
2014-10-14 15:09:09	INFO	parallel_go::ImageStatsCalculator::statistics+	 4.194304e+06  7.848776e+14  1.871294e+08  1.871294e+08  0.000000e+00  1.871294e+08  1.871294e+08
2014-10-14 15:12:39	INFO	parallel_go::image::statistics 	Determining stats for image __sumweight_image
2014-10-14 15:12:39	INFO	parallel_go::CasacRegionManager::fromBCS	No directional region specified. Using full positional plane.
2014-10-14 15:12:39	INFO	parallel_go::CasacRegionManager::fromBCS	Using all spectral channels.
2014-10-14 15:12:39	INFO	parallel_go::CasacRegionManager::fromBCS	Using polarizations ALL
2014-10-14 15:12:39	INFO	parallel_go::ImageRegion::fromRecord	Selected bounding box : 
2014-10-14 15:12:39	INFO	parallel_go::ImageRegion::fromRecord+	    [0, 0, 0, 0] to [2047, 2047, 0, 0]  (10:09:28.505, +41.07.13.739, I, 53513891.51Hz to 08:14:50.477, +58.23.22.384, I, 53513891.51Hz)
2014-10-14 15:12:39	INFO	parallel_go::ImageStatsCalculator::statistics	Regions --- 
2014-10-14 15:12:39	INFO	parallel_go::ImageStatsCalculator::statistics	         -- bottom-left corner (pixel) [blc]:  [0, 0, 0, 0]
2014-10-14 15:12:39	INFO	parallel_go::ImageStatsCalculator::statistics	         -- top-right corner (pixel) [trc]:    [2047, 2047, 0, 0]
2014-10-14 15:12:39	INFO	parallel_go::ImageStatsCalculator::statistics	         -- bottom-left corner (world) [blcf]: 10:09:28.505, +41.07.13.739, I, 53513891.51Hz
2014-10-14 15:12:39	INFO	parallel_go::ImageStatsCalculator::statistics	         -- top-right corner (world) [trcf]:   08:14:50.477, +58.23.22.384, I, 53513891.51Hz
2014-10-14 15:12:39	INFO	parallel_go::::	Values --- 
2014-10-14 15:12:39	INFO	parallel_go::::	         -- number of points [npts]:                4.1943e+06
2014-10-14 15:12:39	INFO	parallel_go::::	         -- maximum value [max]:                    1.87129e+08 
2014-10-14 15:12:39	INFO	parallel_go::::	         -- minimum value [min]:                    1.87129e+08 
2014-10-14 15:12:39	INFO	parallel_go::::	         -- position of max value (pixel) [maxpos]: [0, 0, 0, 0]
2014-10-14 15:12:39	INFO	parallel_go::::	         -- position of min value (pixel) [minpos]: [0, 0, 0, 0]
2014-10-14 15:12:39	INFO	parallel_go::::	         -- position of max value (world) [maxposf]: 10:09:28.505, +41.07.13.739, I, 53513891.51Hz
2014-10-14 15:12:39	INFO	parallel_go::::	         -- position of min value (world) [minposf]: 10:09:28.505, +41.07.13.739, I, 53513891.51Hz
2014-10-14 15:12:39	INFO	parallel_go::::	         -- Sum of pixel values [sum]:               7.84878e+14 
2014-10-14 15:12:39	INFO	parallel_go::::	         -- Sum of squared pixel values [sumsq]:     1.46874e+23 
2014-10-14 15:12:39	INFO	parallel_go::::	Statistics --- 
2014-10-14 15:12:39	INFO	parallel_go::::	        -- Mean of the pixel values [mean]:         1.87129e+08 
2014-10-14 15:12:39	INFO	parallel_go::::	        -- Variance of the pixel values :           0 0
2014-10-14 15:12:39	INFO	parallel_go::::	        -- Standard deviation of the Mean [sigma]:  0 
2014-10-14 15:12:39	INFO	parallel_go::::	        -- Root mean square [rms]:                  1.87129e+08 
2014-10-14 15:12:39	INFO	parallel_go::CasacRegionManager::fromBCS	No directional region specified. Using full positional plane.
2014-10-14 15:12:39	INFO	parallel_go::CasacRegionManager::fromBCS	Using all spectral channels.
2014-10-14 15:12:39	INFO	parallel_go::CasacRegionManager::fromBCS	Using polarizations ALL
2014-10-14 15:12:39	INFO	parallel_go::ImageRegion::fromRecord	Selected bounding box : 
2014-10-14 15:12:39	INFO	parallel_go::ImageRegion::fromRecord+	    [0, 0, 0, 0] to [2047, 2047, 0, 0]  (10:09:28.505, +41.07.13.739, I, 53513891.51Hz to 08:14:50.477, +58.23.22.384, I, 53513891.51Hz)
2014-10-14 15:12:39	INFO	parallel_go::ImageStatsCalculator::statistics	# Npts          Sum           Mean          Rms           Std dev       Minimum       Maximum     
2014-10-14 15:12:39	INFO	parallel_go::ImageStatsCalculator::statistics+	 4.194304e+06  7.848776e+14  1.871294e+08  1.871294e+08  0.000000e+00  1.871294e+08  1.871294e+08
2014-10-14 15:16:35	INFO	parallel_go::image::statistics 	Determining stats for image __sumweight_image
2014-10-14 15:16:35	INFO	parallel_go::CasacRegionManager::fromBCS	No directional region specified. Using full positional plane.
2014-10-14 15:16:35	INFO	parallel_go::CasacRegionManager::fromBCS	Using all spectral channels.
2014-10-14 15:16:35	INFO	parallel_go::CasacRegionManager::fromBCS	Using polarizations ALL
2014-10-14 15:16:35	INFO	parallel_go::ImageRegion::fromRecord	Selected bounding box : 
2014-10-14 15:16:35	INFO	parallel_go::ImageRegion::fromRecord+	    [0, 0, 0, 0] to [2047, 2047, 0, 0]  (10:09:28.505, +41.07.13.739, I, 53513891.51Hz to 08:14:50.477, +58.23.22.384, I, 53513891.51Hz)
2014-10-14 15:16:35	INFO	parallel_go::ImageStatsCalculator::statistics	Regions --- 
2014-10-14 15:16:35	INFO	parallel_go::ImageStatsCalculator::statistics	         -- bottom-left corner (pixel) [blc]:  [0, 0, 0, 0]
2014-10-14 15:16:35	INFO	parallel_go::ImageStatsCalculator::statistics	         -- top-right corner (pixel) [trc]:    [2047, 2047, 0, 0]
2014-10-14 15:16:35	INFO	parallel_go::ImageStatsCalculator::statistics	         -- bottom-left corner (world) [blcf]: 10:09:28.505, +41.07.13.739, I, 53513891.51Hz
2014-10-14 15:16:35	INFO	parallel_go::ImageStatsCalculator::statistics	         -- top-right corner (world) [trcf]:   08:14:50.477, +58.23.22.384, I, 53513891.51Hz
2014-10-14 15:16:35	INFO	parallel_go::::	Values --- 
2014-10-14 15:16:35	INFO	parallel_go::::	         -- number of points [npts]:                4.1943e+06
2014-10-14 15:16:35	INFO	parallel_go::::	         -- maximum value [max]:                    1.87129e+08 
2014-10-14 15:16:35	INFO	parallel_go::::	         -- minimum value [min]:                    1.87129e+08 
2014-10-14 15:16:35	INFO	parallel_go::::	         -- position of max value (pixel) [maxpos]: [0, 0, 0, 0]
2014-10-14 15:16:35	INFO	parallel_go::::	         -- position of min value (pixel) [minpos]: [0, 0, 0, 0]
2014-10-14 15:16:35	INFO	parallel_go::::	         -- position of max value (world) [maxposf]: 10:09:28.505, +41.07.13.739, I, 53513891.51Hz
2014-10-14 15:16:35	INFO	parallel_go::::	         -- position of min value (world) [minposf]: 10:09:28.505, +41.07.13.739, I, 53513891.51Hz
2014-10-14 15:16:35	INFO	parallel_go::::	         -- Sum of pixel values [sum]:               7.84878e+14 
2014-10-14 15:16:35	INFO	parallel_go::::	         -- Sum of squared pixel values [sumsq]:     1.46874e+23 
2014-10-14 15:16:35	INFO	parallel_go::::	Statistics --- 
2014-10-14 15:16:35	INFO	parallel_go::::	        -- Mean of the pixel values [mean]:         1.87129e+08 
2014-10-14 15:16:35	INFO	parallel_go::::	        -- Variance of the pixel values :           0 0
2014-10-14 15:16:35	INFO	parallel_go::::	        -- Standard deviation of the Mean [sigma]:  0 
2014-10-14 15:16:35	INFO	parallel_go::::	        -- Root mean square [rms]:                  1.87129e+08 
2014-10-14 15:16:35	INFO	parallel_go::CasacRegionManager::fromBCS	No directional region specified. Using full positional plane.
2014-10-14 15:16:35	INFO	parallel_go::CasacRegionManager::fromBCS	Using all spectral channels.
2014-10-14 15:16:35	INFO	parallel_go::CasacRegionManager::fromBCS	Using polarizations ALL
2014-10-14 15:16:35	INFO	parallel_go::ImageRegion::fromRecord	Selected bounding box : 
2014-10-14 15:16:35	INFO	parallel_go::ImageRegion::fromRecord+	    [0, 0, 0, 0] to [2047, 2047, 0, 0]  (10:09:28.505, +41.07.13.739, I, 53513891.51Hz to 08:14:50.477, +58.23.22.384, I, 53513891.51Hz)
2014-10-14 15:16:35	INFO	parallel_go::ImageStatsCalculator::statistics	# Npts          Sum           Mean          Rms           Std dev       Minimum       Maximum     
2014-10-14 15:16:35	INFO	parallel_go::ImageStatsCalculator::statistics+	 4.194304e+06  7.848776e+14  1.871294e+08  1.871294e+08  0.000000e+00  1.871294e+08  1.871294e+08
2014-10-14 15:20:05	INFO	parallel_go::image::statistics 	Determining stats for image __sumweight_image
2014-10-14 15:20:05	INFO	parallel_go::CasacRegionManager::fromBCS	No directional region specified. Using full positional plane.
2014-10-14 15:20:05	INFO	parallel_go::CasacRegionManager::fromBCS	Using all spectral channels.
2014-10-14 15:20:05	INFO	parallel_go::CasacRegionManager::fromBCS	Using polarizations ALL
2014-10-14 15:20:05	INFO	parallel_go::ImageRegion::fromRecord	Selected bounding box : 
2014-10-14 15:20:05	INFO	parallel_go::ImageRegion::fromRecord+	    [0, 0, 0, 0] to [2047, 2047, 0, 0]  (10:09:28.505, +41.07.13.739, I, 53513891.51Hz to 08:14:50.477, +58.23.22.384, I, 53513891.51Hz)
2014-10-14 15:20:05	INFO	parallel_go::ImageStatsCalculator::statistics	Regions --- 
2014-10-14 15:20:05	INFO	parallel_go::ImageStatsCalculator::statistics	         -- bottom-left corner (pixel) [blc]:  [0, 0, 0, 0]
2014-10-14 15:20:05	INFO	parallel_go::ImageStatsCalculator::statistics	         -- top-right corner (pixel) [trc]:    [2047, 2047, 0, 0]
2014-10-14 15:20:05	INFO	parallel_go::ImageStatsCalculator::statistics	         -- bottom-left corner (world) [blcf]: 10:09:28.505, +41.07.13.739, I, 53513891.51Hz
2014-10-14 15:20:05	INFO	parallel_go::ImageStatsCalculator::statistics	         -- top-right corner (world) [trcf]:   08:14:50.477, +58.23.22.384, I, 53513891.51Hz
2014-10-14 15:20:05	INFO	parallel_go::::	Values --- 
2014-10-14 15:20:05	INFO	parallel_go::::	         -- number of points [npts]:                4.1943e+06
2014-10-14 15:20:05	INFO	parallel_go::::	         -- maximum value [max]:                    1.87129e+08 
2014-10-14 15:20:05	INFO	parallel_go::::	         -- minimum value [min]:                    1.87129e+08 
2014-10-14 15:20:05	INFO	parallel_go::::	         -- position of max value (pixel) [maxpos]: [0, 0, 0, 0]
2014-10-14 15:20:05	INFO	parallel_go::::	         -- position of min value (pixel) [minpos]: [0, 0, 0, 0]
2014-10-14 15:20:05	INFO	parallel_go::::	         -- position of max value (world) [maxposf]: 10:09:28.505, +41.07.13.739, I, 53513891.51Hz
2014-10-14 15:20:05	INFO	parallel_go::::	         -- position of min value (world) [minposf]: 10:09:28.505, +41.07.13.739, I, 53513891.51Hz
2014-10-14 15:20:05	INFO	parallel_go::::	         -- Sum of pixel values [sum]:               7.84878e+14 
2014-10-14 15:20:05	INFO	parallel_go::::	         -- Sum of squared pixel values [sumsq]:     1.46874e+23 
2014-10-14 15:20:05	INFO	parallel_go::::	Statistics --- 
2014-10-14 15:20:05	INFO	parallel_go::::	        -- Mean of the pixel values [mean]:         1.87129e+08 
2014-10-14 15:20:05	INFO	parallel_go::::	        -- Variance of the pixel values :           0 0
2014-10-14 15:20:05	INFO	parallel_go::::	        -- Standard deviation of the Mean [sigma]:  0 
2014-10-14 15:20:05	INFO	parallel_go::::	        -- Root mean square [rms]:                  1.87129e+08 
2014-10-14 15:20:05	INFO	parallel_go::CasacRegionManager::fromBCS	No directional region specified. Using full positional plane.
2014-10-14 15:20:05	INFO	parallel_go::CasacRegionManager::fromBCS	Using all spectral channels.
2014-10-14 15:20:05	INFO	parallel_go::CasacRegionManager::fromBCS	Using polarizations ALL
2014-10-14 15:20:05	INFO	parallel_go::ImageRegion::fromRecord	Selected bounding box : 
2014-10-14 15:20:05	INFO	parallel_go::ImageRegion::fromRecord+	    [0, 0, 0, 0] to [2047, 2047, 0, 0]  (10:09:28.505, +41.07.13.739, I, 53513891.51Hz to 08:14:50.477, +58.23.22.384, I, 53513891.51Hz)
2014-10-14 15:20:05	INFO	parallel_go::ImageStatsCalculator::statistics	# Npts          Sum           Mean          Rms           Std dev       Minimum       Maximum     
2014-10-14 15:20:05	INFO	parallel_go::ImageStatsCalculator::statistics+	 4.194304e+06  7.848776e+14  1.871294e+08  1.871294e+08  0.000000e+00  1.871294e+08  1.871294e+08
2014-10-14 15:23:33	INFO	parallel_go::image::statistics 	Determining stats for image __sumweight_image
2014-10-14 15:23:33	INFO	parallel_go::CasacRegionManager::fromBCS	No directional region specified. Using full positional plane.
2014-10-14 15:23:33	INFO	parallel_go::CasacRegionManager::fromBCS	Using all spectral channels.
2014-10-14 15:23:33	INFO	parallel_go::CasacRegionManager::fromBCS	Using polarizations ALL
2014-10-14 15:23:33	INFO	parallel_go::ImageRegion::fromRecord	Selected bounding box : 
2014-10-14 15:23:33	INFO	parallel_go::ImageRegion::fromRecord+	    [0, 0, 0, 0] to [2047, 2047, 0, 0]  (10:09:28.505, +41.07.13.739, I, 53513891.51Hz to 08:14:50.477, +58.23.22.384, I, 53513891.51Hz)
2014-10-14 15:23:33	INFO	parallel_go::ImageStatsCalculator::statistics	Regions --- 
2014-10-14 15:23:33	INFO	parallel_go::ImageStatsCalculator::statistics	         -- bottom-left corner (pixel) [blc]:  [0, 0, 0, 0]
2014-10-14 15:23:33	INFO	parallel_go::ImageStatsCalculator::statistics	         -- top-right corner (pixel) [trc]:    [2047, 2047, 0, 0]
2014-10-14 15:23:33	INFO	parallel_go::ImageStatsCalculator::statistics	         -- bottom-left corner (world) [blcf]: 10:09:28.505, +41.07.13.739, I, 53513891.51Hz
2014-10-14 15:23:33	INFO	parallel_go::ImageStatsCalculator::statistics	         -- top-right corner (world) [trcf]:   08:14:50.477, +58.23.22.384, I, 53513891.51Hz
2014-10-14 15:23:33	INFO	parallel_go::::	Values --- 
2014-10-14 15:23:33	INFO	parallel_go::::	         -- number of points [npts]:                4.1943e+06
2014-10-14 15:23:33	INFO	parallel_go::::	         -- maximum value [max]:                    1.87129e+08 
2014-10-14 15:23:33	INFO	parallel_go::::	         -- minimum value [min]:                    1.87129e+08 
2014-10-14 15:23:33	INFO	parallel_go::::	         -- position of max value (pixel) [maxpos]: [0, 0, 0, 0]
2014-10-14 15:23:33	INFO	parallel_go::::	         -- position of min value (pixel) [minpos]: [0, 0, 0, 0]
2014-10-14 15:23:33	INFO	parallel_go::::	         -- position of max value (world) [maxposf]: 10:09:28.505, +41.07.13.739, I, 53513891.51Hz
2014-10-14 15:23:33	INFO	parallel_go::::	         -- position of min value (world) [minposf]: 10:09:28.505, +41.07.13.739, I, 53513891.51Hz
2014-10-14 15:23:33	INFO	parallel_go::::	         -- Sum of pixel values [sum]:               7.84878e+14 
2014-10-14 15:23:33	INFO	parallel_go::::	         -- Sum of squared pixel values [sumsq]:     1.46874e+23 
2014-10-14 15:23:33	INFO	parallel_go::::	Statistics --- 
2014-10-14 15:23:33	INFO	parallel_go::::	        -- Mean of the pixel values [mean]:         1.87129e+08 
2014-10-14 15:23:33	INFO	parallel_go::::	        -- Variance of the pixel values :           0 0
2014-10-14 15:23:33	INFO	parallel_go::::	        -- Standard deviation of the Mean [sigma]:  0 
2014-10-14 15:23:33	INFO	parallel_go::::	        -- Root mean square [rms]:                  1.87129e+08 
2014-10-14 15:23:33	INFO	parallel_go::CasacRegionManager::fromBCS	No directional region specified. Using full positional plane.
2014-10-14 15:23:33	INFO	parallel_go::CasacRegionManager::fromBCS	Using all spectral channels.
2014-10-14 15:23:33	INFO	parallel_go::CasacRegionManager::fromBCS	Using polarizations ALL
2014-10-14 15:23:33	INFO	parallel_go::ImageRegion::fromRecord	Selected bounding box : 
2014-10-14 15:23:33	INFO	parallel_go::ImageRegion::fromRecord+	    [0, 0, 0, 0] to [2047, 2047, 0, 0]  (10:09:28.505, +41.07.13.739, I, 53513891.51Hz to 08:14:50.477, +58.23.22.384, I, 53513891.51Hz)
2014-10-14 15:23:33	INFO	parallel_go::ImageStatsCalculator::statistics	# Npts          Sum           Mean          Rms           Std dev       Minimum       Maximum     
2014-10-14 15:23:33	INFO	parallel_go::ImageStatsCalculator::statistics+	 4.194304e+06  7.848776e+14  1.871294e+08  1.871294e+08  0.000000e+00  1.871294e+08  1.871294e+08
2014-10-14 15:27:03	INFO	parallel_go::image::statistics 	Determining stats for image __sumweight_image
2014-10-14 15:27:03	INFO	parallel_go::CasacRegionManager::fromBCS	No directional region specified. Using full positional plane.
2014-10-14 15:27:03	INFO	parallel_go::CasacRegionManager::fromBCS	Using all spectral channels.
2014-10-14 15:27:03	INFO	parallel_go::CasacRegionManager::fromBCS	Using polarizations ALL
2014-10-14 15:27:03	INFO	parallel_go::ImageRegion::fromRecord	Selected bounding box : 
2014-10-14 15:27:03	INFO	parallel_go::ImageRegion::fromRecord+	    [0, 0, 0, 0] to [2047, 2047, 0, 0]  (10:09:28.505, +41.07.13.739, I, 53513891.51Hz to 08:14:50.477, +58.23.22.384, I, 53513891.51Hz)
2014-10-14 15:27:03	INFO	parallel_go::ImageStatsCalculator::statistics	Regions --- 
2014-10-14 15:27:03	INFO	parallel_go::ImageStatsCalculator::statistics	         -- bottom-left corner (pixel) [blc]:  [0, 0, 0, 0]
2014-10-14 15:27:03	INFO	parallel_go::ImageStatsCalculator::statistics	         -- top-right corner (pixel) [trc]:    [2047, 2047, 0, 0]
2014-10-14 15:27:03	INFO	parallel_go::ImageStatsCalculator::statistics	         -- bottom-left corner (world) [blcf]: 10:09:28.505, +41.07.13.739, I, 53513891.51Hz
2014-10-14 15:27:03	INFO	parallel_go::ImageStatsCalculator::statistics	         -- top-right corner (world) [trcf]:   08:14:50.477, +58.23.22.384, I, 53513891.51Hz
2014-10-14 15:27:04	INFO	parallel_go::::	Values --- 
2014-10-14 15:27:04	INFO	parallel_go::::	         -- number of points [npts]:                4.1943e+06
2014-10-14 15:27:04	INFO	parallel_go::::	         -- maximum value [max]:                    1.87129e+08 
2014-10-14 15:27:04	INFO	parallel_go::::	         -- minimum value [min]:                    1.87129e+08 
2014-10-14 15:27:04	INFO	parallel_go::::	         -- position of max value (pixel) [maxpos]: [0, 0, 0, 0]
2014-10-14 15:27:04	INFO	parallel_go::::	         -- position of min value (pixel) [minpos]: [0, 0, 0, 0]
2014-10-14 15:27:04	INFO	parallel_go::::	         -- position of max value (world) [maxposf]: 10:09:28.505, +41.07.13.739, I, 53513891.51Hz
2014-10-14 15:27:04	INFO	parallel_go::::	         -- position of min value (world) [minposf]: 10:09:28.505, +41.07.13.739, I, 53513891.51Hz
2014-10-14 15:27:04	INFO	parallel_go::::	         -- Sum of pixel values [sum]:               7.84878e+14 
2014-10-14 15:27:04	INFO	parallel_go::::	         -- Sum of squared pixel values [sumsq]:     1.46874e+23 
2014-10-14 15:27:04	INFO	parallel_go::::	Statistics --- 
2014-10-14 15:27:04	INFO	parallel_go::::	        -- Mean of the pixel values [mean]:         1.87129e+08 
2014-10-14 15:27:04	INFO	parallel_go::::	        -- Variance of the pixel values :           0 0
2014-10-14 15:27:04	INFO	parallel_go::::	        -- Standard deviation of the Mean [sigma]:  0 
2014-10-14 15:27:04	INFO	parallel_go::::	        -- Root mean square [rms]:                  1.87129e+08 
2014-10-14 15:27:04	INFO	parallel_go::CasacRegionManager::fromBCS	No directional region specified. Using full positional plane.
2014-10-14 15:27:04	INFO	parallel_go::CasacRegionManager::fromBCS	Using all spectral channels.
2014-10-14 15:27:04	INFO	parallel_go::CasacRegionManager::fromBCS	Using polarizations ALL
2014-10-14 15:27:04	INFO	parallel_go::ImageRegion::fromRecord	Selected bounding box : 
2014-10-14 15:27:04	INFO	parallel_go::ImageRegion::fromRecord+	    [0, 0, 0, 0] to [2047, 2047, 0, 0]  (10:09:28.505, +41.07.13.739, I, 53513891.51Hz to 08:14:50.477, +58.23.22.384, I, 53513891.51Hz)
2014-10-14 15:27:04	INFO	parallel_go::ImageStatsCalculator::statistics	# Npts          Sum           Mean          Rms           Std dev       Minimum       Maximum     
2014-10-14 15:27:04	INFO	parallel_go::ImageStatsCalculator::statistics+	 4.194304e+06  7.848776e+14  1.871294e+08  1.871294e+08  0.000000e+00  1.871294e+08  1.871294e+08
2014-10-14 15:27:06	INFO	parallel_go::image::statistics 	Determining stats for image __sumweight_image
2014-10-14 15:27:06	INFO	parallel_go::CasacRegionManager::fromBCS	No directional region specified. Using full positional plane.
2014-10-14 15:27:06	INFO	parallel_go::CasacRegionManager::fromBCS	Using all spectral channels.
2014-10-14 15:27:06	INFO	parallel_go::CasacRegionManager::fromBCS	Using polarizations ALL
2014-10-14 15:27:06	INFO	parallel_go::ImageRegion::fromRecord	Selected bounding box : 
2014-10-14 15:27:06	INFO	parallel_go::ImageRegion::fromRecord+	    [0, 0, 0, 0] to [2047, 2047, 0, 0]  (10:09:28.505, +41.07.13.739, I, 53513891.51Hz to 08:14:50.477, +58.23.22.384, I, 53513891.51Hz)
2014-10-14 15:27:06	INFO	parallel_go::ImageStatsCalculator::statistics	Regions --- 
2014-10-14 15:27:06	INFO	parallel_go::ImageStatsCalculator::statistics	         -- bottom-left corner (pixel) [blc]:  [0, 0, 0, 0]
2014-10-14 15:27:06	INFO	parallel_go::ImageStatsCalculator::statistics	         -- top-right corner (pixel) [trc]:    [2047, 2047, 0, 0]
2014-10-14 15:27:06	INFO	parallel_go::ImageStatsCalculator::statistics	         -- bottom-left corner (world) [blcf]: 10:09:28.505, +41.07.13.739, I, 53513891.51Hz
2014-10-14 15:27:06	INFO	parallel_go::ImageStatsCalculator::statistics	         -- top-right corner (world) [trcf]:   08:14:50.477, +58.23.22.384, I, 53513891.51Hz
2014-10-14 15:27:07	INFO	parallel_go::::	Values --- 
2014-10-14 15:27:07	INFO	parallel_go::::	         -- number of points [npts]:                4.1943e+06
2014-10-14 15:27:07	INFO	parallel_go::::	         -- maximum value [max]:                    1.87129e+08 
2014-10-14 15:27:07	INFO	parallel_go::::	         -- minimum value [min]:                    1.87129e+08 
2014-10-14 15:27:07	INFO	parallel_go::::	         -- position of max value (pixel) [maxpos]: [0, 0, 0, 0]
2014-10-14 15:27:07	INFO	parallel_go::::	         -- position of min value (pixel) [minpos]: [0, 0, 0, 0]
2014-10-14 15:27:07	INFO	parallel_go::::	         -- position of max value (world) [maxposf]: 10:09:28.505, +41.07.13.739, I, 53513891.51Hz
2014-10-14 15:27:07	INFO	parallel_go::::	         -- position of min value (world) [minposf]: 10:09:28.505, +41.07.13.739, I, 53513891.51Hz
2014-10-14 15:27:07	INFO	parallel_go::::	         -- Sum of pixel values [sum]:               7.84878e+14 
2014-10-14 15:27:07	INFO	parallel_go::::	         -- Sum of squared pixel values [sumsq]:     1.46874e+23 
2014-10-14 15:27:07	INFO	parallel_go::::	Statistics --- 
2014-10-14 15:27:07	INFO	parallel_go::::	        -- Mean of the pixel values [mean]:         1.87129e+08 
2014-10-14 15:27:07	INFO	parallel_go::::	        -- Variance of the pixel values :           0 0
2014-10-14 15:27:07	INFO	parallel_go::::	        -- Standard deviation of the Mean [sigma]:  0 
2014-10-14 15:27:07	INFO	parallel_go::::	        -- Root mean square [rms]:                  1.87129e+08 
2014-10-14 15:27:07	INFO	parallel_go::CasacRegionManager::fromBCS	No directional region specified. Using full positional plane.
2014-10-14 15:27:07	INFO	parallel_go::CasacRegionManager::fromBCS	Using all spectral channels.
2014-10-14 15:27:07	INFO	parallel_go::CasacRegionManager::fromBCS	Using polarizations ALL
2014-10-14 15:27:07	INFO	parallel_go::ImageRegion::fromRecord	Selected bounding box : 
2014-10-14 15:27:07	INFO	parallel_go::ImageRegion::fromRecord+	    [0, 0, 0, 0] to [2047, 2047, 0, 0]  (10:09:28.505, +41.07.13.739, I, 53513891.51Hz to 08:14:50.477, +58.23.22.384, I, 53513891.51Hz)
2014-10-14 15:27:07	INFO	parallel_go::ImageStatsCalculator::statistics	# Npts          Sum           Mean          Rms           Std dev       Minimum       Maximum     
2014-10-14 15:27:07	INFO	parallel_go::ImageStatsCalculator::statistics+	 4.194304e+06  7.848776e+14  1.871294e+08  1.871294e+08  0.000000e+00  1.871294e+08  1.871294e+08
2014-10-14 15:27:07	INFO	parallel_go::imager::setDataOnThisMS()	Performing selection on MeasurementSet : /home/mknapp/L85562_all_flagged.MS
2014-10-14 15:27:07	INFO	parallel_go::imager::setDataOnThisMS()	Selecting on fields : 0
2014-10-14 15:27:07	INFO	parallel_go::imager::setDataOnThisMS()	Selecting on spectral windows expression :15~105
2014-10-14 15:35:20	INFO	parallel_go::imager::setDataOnThisMS()	Selected 137989761 out of  181964520 rows.
2014-10-14 15:35:20	INFO	parallel_go::imager::setDataOnThisMS()	Selected : [1 chans in spw 15] [1 chans in spw 16] [1 chans in spw 17] [1 chans in spw 18] [1 chans in spw 19] [1 chans in spw 20] [1 chans in spw 21] [1 chans in spw 22] [1 chans in spw 23] [1 chans in spw 24] [1 chans in spw 25] [1 chans in spw 26] [1 chans in spw 27] [1 chans in spw 28] [1 chans in spw 29] [1 chans in spw 30] [1 chans in spw 31] [1 chans in spw 32] [1 chans in spw 33] [1 chans in spw 34] [1 chans in spw 35] [1 chans in spw 36] [1 chans in spw 37] [1 chans in spw 38] [1 chans in spw 39] [1 chans in spw 40] [1 chans in spw 41] [1 chans in spw 42] [1 chans in spw 43] [1 chans in spw 44] [1 chans in spw 45] [1 chans in spw 46] [1 chans in spw 47] [1 chans in spw 48] [1 chans in spw 49] [1 chans in spw 50] [1 chans in spw 51] [1 chans in spw 52] [1 chans in spw 53] [1 chans in spw 54] [1 chans in spw 55] [1 chans in spw 56] [1 chans in spw 57] [1 chans in spw 58] [1 chans in spw 59] [1 chans in spw 60] [1 chans in spw 61] [1 chans in spw 62] [1 chans in spw 63] [1 chans in spw 64] [1 chans in spw 65] [1 chans in spw 66] [1 chans in spw 67] [1 chans in spw 68] [1 chans in spw 69] [1 chans in spw 70] [1 chans in spw 71] [1 chans in spw 72] [1 chans in spw 73] [1 chans in spw 74] [1 chans in spw 75] [1 chans in spw 76] [1 chans in spw 77] [1 chans in spw 78] [1 chans in spw 79] [1 chans in spw 80] [1 chans in spw 81] [1 chans in spw 82] [1 chans in spw 83] [1 chans in spw 84] [1 chans in spw 85] [1 chans in spw 86] [1 chans in spw 87] [1 chans in spw 88] [1 chans in spw 89] [1 chans in spw 90] [1 chans in spw 91] [1 chans in spw 92] [1 chans in spw 93] [1 chans in spw 94] [1 chans in spw 95] [1 chans in spw 96] [1 chans in spw 97] [1 chans in spw 98] [1 chans in spw 99] [1 chans in spw 100] [1 chans in spw 101] [1 chans in spw 102] [1 chans in spw 103] [1 chans in spw 104] [1 chans in spw 105]
2014-10-14 15:36:55	INFO	parallel_go::imager::defineimage()	Defining image properties:nx=128 ny=128 cellx='1arcsec' celly='1arcsec' stokes=I' mode=MFS nchan=-1 start=0 step=0 spwids=[0] fieldid=0 facets=1 frame=1 distance='0'
2014-10-14 15:36:55	INFO	parallel_go::imager::defineimage()	 phaseCenter='field-0 ' mStart='Radialvelocity: 0' qStep='0 '' mFreqStart='Frequency: 0
2014-10-14 15:36:58	INFO	parallel_go::imager::setoptions() 	Setting processing options
2014-10-14 15:36:58	INFO	parallel_go::imager::ft() 	Fourier transforming: replacing visibility model header
2014-10-14 15:36:58	INFO	parallel_go::imager::createFTMachine() 	Performing w-plane projection
2014-10-14 15:36:58	INFO	parallel_go::WPConvFunc::findConvFunction	W projection using 512 planes
2014-10-14 15:36:58	INFO	parallel_go::WPConvFunc::findConvFunction	Estimating maximum possible W = 1674.05 (wavelengths)
2014-10-14 15:36:58	INFO	parallel_go::WPConvFunc::findConvFunction	Typical wavelength = 8.34241 (m)
2014-10-14 15:36:58	INFO	parallel_go::WPConvFunc::findConvFunction	Scaling in W (at maximum W) = 0.006411 wavelengths per pixel
2014-10-14 15:39:52	INFO	parallel_go::WPConvFunc::findConvFunction	Convolution support = [16, 16, 16, 16, 16, 16, 16, 16, 16, 16, 16, 16, 16, 16, 16, 16, 16, 16, 16, 16, 16, 16, 16, 16, 16, 16, 16, 16, 16, 16, 16, 16, 16, 16, 16, 16, 16, 16, 16, 16, 16, 16, 16, 16, 16, 20, 20, 20, 20, 20, 20, 20, 20, 20, 20, 20, 20, 20, 20, 20, 20, 20, 20, 20, 20, 20, 20, 20, 20, 20, 20, 20, 20, 24, 24, 24, 24, 24, 24, 24, 24, 24, 24, 24, 24, 24, 24, 24, 24, 24, 24, 24, 24, 24, 28, 28, 28, 28, 28, 28, 28, 28, 28, 28, 28, 28, 28, 28, 28, 28, 28, 28, 32, 32, 32, 32, 32, 32, 32, 32, 32, 32, 32, 32, 32, 32, 32, 36, 36, 36, 36, 36, 36, 36, 36, 36, 36, 36, 36, 36, 36, 40, 40, 40, 40, 40, 40, 40, 40, 40, 40, 40, 40, 44, 44, 44, 44, 44, 44, 44, 44, 44, 44, 44, 44, 48, 48, 48, 48, 48, 48, 48, 48, 48, 48, 48, 48, 52, 52, 52, 52, 52, 52, 52, 52, 52, 52, 56, 56, 56, 56, 56, 56, 56, 56, 56, 56, 60, 60, 60, 60, 60, 60, 60, 60, 60, 60, 64, 64, 64, 64, 64, 64, 64, 64, 64, 68, 68, 68, 68, 68, 68, 68, 68, 68, 72, 72, 72, 72, 72, 72, 72, 72, 72, 76, 76, 76, 76, 76, 76, 76, 76, 80, 80, 80, 80, 80, 80, 80, 80, 84, 84, 84, 84, 84, 84, 84, 84, 88, 88, 88, 88, 88, 88, 88, 88, 92, 92, 92, 92, 92, 92, 92, 96, 96, 96, 96, 96, 96, 96, 100, 100, 100, 100, 100, 100, 100, 104, 104, 104, 104, 104, 104, 104, 108, 108, 108, 108, 108, 108, 108, 112, 112, 112, 112, 112, 112, 112, 116, 116, 116, 116, 116, 116, 120, 120, 120, 120, 120, 120, 124, 124, 124, 124, 124, 124, 124, 128, 128, 128, 128, 128, 128, 132, 132, 132, 132, 132, 132, 136, 136, 136, 136, 136, 140, 140, 140, 140, 140, 140, 144, 144, 144, 144, 144, 144, 148, 148, 148, 148, 148, 148, 152, 152, 152, 152, 152, 156, 156, 156, 156, 156, 156, 160, 160, 160, 160, 160, 164, 164, 164, 164, 164, 168, 168, 168, 168, 168, 168, 172, 172, 172, 172, 172, 176, 176, 176, 176, 176, 180, 180, 180, 180, 180, 184, 184, 184, 184, 184, 188, 188, 188, 188, 188, 192, 192, 192, 192, 192, 196, 196, 196, 196, 196, 200, 200, 200, 200, 200, 204, 204, 204, 204, 208, 208, 208, 208, 208, 212, 212, 212, 212, 212, 216, 216, 216, 216, 220, 220, 220, 220, 220, 224, 224, 224, 224, 228, 228, 228, 228, 228, 232, 232, 232, 232, 236, 236, 236, 236, 236, 240, 240, 240, 240, 244, 244, 244, 244, 244, 248, 248, 248, 248, 252, 252, 252, 252, 256, 256, 256, 256, 256, 260, 260, 260, 260, 264, 264, 264, 264, 268, 268, 268, 268, 268, 272, 272, 272, 272, 276, 276, 276] pixels in Fourier plane
2014-10-14 15:39:52	INFO	parallel_go::WPConvFunc::findConvFunction	Memory used in gridding function = 312 MB from maximum 245997 MB
2014-10-14 15:40:53	INFO	parallel_go::::casa	##### End Task: pclean               #####
2014-10-14 15:40:53	INFO	parallel_go::::casa+	##########################################
2014-10-14 15:40:53	INFO	imstat::::casa	
2014-10-14 15:40:53	INFO	imstat::::casa+	##########################################
2014-10-14 15:40:53	INFO	imstat::::casa+	##### Begin Task: imstat             #####
2014-10-14 15:40:53	INFO	imstat::::casa	imstat(imagename="timesteps_flg1_dt0-05-37.5_n0_it1000_wp512_facets8_npix2048.image",axes=-1,region="",box="",
2014-10-14 15:40:53	INFO	imstat::::casa+	        chans="",stokes="",listit=True,verbose=True,mask="",
2014-10-14 15:40:53	INFO	imstat::::casa+	        stretch=False,logfile="",append=True)
2014-10-14 15:40:53	INFO	imstat::CasacRegionManager::fromBCS	No directional region specified. Using full positional plane.
2014-10-14 15:40:53	INFO	imstat::CasacRegionManager::fromBCS	Using all spectral channels.
2014-10-14 15:40:53	INFO	imstat::CasacRegionManager::fromBCS	Using polarizations ALL
2014-10-14 15:40:53	INFO	imstat::image::statistics 	Determining stats for image timesteps_flg1_dt0-05-37.5_n0_it1000_wp512_facets8_npix2048.image
2014-10-14 15:40:53	INFO	imstat::CasacRegionManager::fromBCS	Set region from supplied region record
2014-10-14 15:40:53	INFO	imstat::ImageRegion::fromRecord	Selected bounding box : 
2014-10-14 15:40:53	INFO	imstat::ImageRegion::fromRecord+	    [0, 0, 0, 0] to [2047, 2047, 0, 0]  (10:09:28.505, +41.07.13.739, I, 53513891.51Hz to 08:14:50.477, +58.23.22.384, I, 53513891.51Hz)
2014-10-14 15:40:53	INFO	imstat::ImageStatsCalculator::statistics	Regions --- 
2014-10-14 15:40:53	INFO	imstat::ImageStatsCalculator::statistics	         -- bottom-left corner (pixel) [blc]:  [0, 0, 0, 0]
2014-10-14 15:40:53	INFO	imstat::ImageStatsCalculator::statistics	         -- top-right corner (pixel) [trc]:    [2047, 2047, 0, 0]
2014-10-14 15:40:53	INFO	imstat::ImageStatsCalculator::statistics	         -- bottom-left corner (world) [blcf]: 10:09:28.505, +41.07.13.739, I, 53513891.51Hz
2014-10-14 15:40:53	INFO	imstat::ImageStatsCalculator::statistics	         -- top-right corner (world) [trcf]:   08:14:50.477, +58.23.22.384, I, 53513891.51Hz
2014-10-14 15:40:53	INFO	imstat::::	Values --- 
2014-10-14 15:40:53	INFO	imstat::::	         -- flux density [flux]:     63.7212 Jy
2014-10-14 15:40:53	INFO	imstat::::	         -- number of points [npts]:                4.1943e+06
2014-10-14 15:40:53	INFO	imstat::::	         -- maximum value [max]:                    4.75989 Jy/beam
2014-10-14 15:40:53	INFO	imstat::::	         -- minimum value [min]:                    -0.20845 Jy/beam
2014-10-14 15:40:53	INFO	imstat::::	         -- position of max value (pixel) [maxpos]: [949, 1197, 0, 0]
2014-10-14 15:40:53	INFO	imstat::::	         -- position of min value (pixel) [minpos]: [1181, 1128, 0, 0]
2014-10-14 15:40:53	INFO	imstat::::	         -- position of max value (world) [maxposf]: 09:26:48.288, +52.05.46.782, I, 53513891.51Hz
2014-10-14 15:40:53	INFO	imstat::::	         -- position of min value (world) [minposf]: 09:13:59.640, +51.29.26.760, I, 53513891.51Hz
2014-10-14 15:40:53	INFO	imstat::::	         -- Sum of pixel values [sum]:               3766.53 Jy/beam
2014-10-14 15:40:53	INFO	imstat::::	         -- Sum of squared pixel values [sumsq]:     9682.44 Jy/beam.Jy/beam
2014-10-14 15:40:53	INFO	imstat::::	Statistics --- 
2014-10-14 15:40:53	INFO	imstat::::	        -- Mean of the pixel values [mean]:         0.000898011 Jy/beam
2014-10-14 15:40:53	INFO	imstat::::	        -- Variance of the pixel values :           0.00230767 Jy/beam0
2014-10-14 15:40:53	INFO	imstat::::	        -- Standard deviation of the Mean [sigma]:  0.0480382 Jy/beam
2014-10-14 15:40:53	INFO	imstat::::	        -- Root mean square [rms]:                  0.0480466 Jy/beam
2014-10-14 15:40:53	INFO	imstat::::	        -- Median of the pixel values [median]:     -0.00178094 Jy/beam
2014-10-14 15:40:53	INFO	imstat::::	        -- Median of the deviations [medabsdevmed]: 0.0101222 Jy/beam
2014-10-14 15:40:53	INFO	imstat::::	        -- Quartile [quartile]:                     0.0202565 Jy/beam
2014-10-14 15:40:53	INFO	imstat::CasacRegionManager::fromBCS	No directional region specified. Using full positional plane.
2014-10-14 15:40:53	INFO	imstat::CasacRegionManager::fromBCS	Using all spectral channels.
2014-10-14 15:40:53	INFO	imstat::CasacRegionManager::fromBCS	Using polarizations ALL
2014-10-14 15:40:53	INFO	imstat::ImageRegion::fromRecord	Selected bounding box : 
2014-10-14 15:40:53	INFO	imstat::ImageRegion::fromRecord+	    [0, 0, 0, 0] to [2047, 2047, 0, 0]  (10:09:28.505, +41.07.13.739, I, 53513891.51Hz to 08:14:50.477, +58.23.22.384, I, 53513891.51Hz)
2014-10-14 15:40:53	INFO	imstat::ImageStatsCalculator::statistics	# Npts          Sum           Mean          Rms           Std dev       Minimum       Maximum     
2014-10-14 15:40:53	INFO	imstat::ImageStatsCalculator::statistics+	 4.194304e+06  3.766533e+03  8.980113e-04  4.804659e-02  4.803820e-02 -2.084495e-01  4.759892e+00
2014-10-14 15:40:53	INFO	imstat::::casa	##### End Task: imstat               #####
2014-10-14 15:40:53	INFO	imstat::::casa+	##########################################
2014-10-14 15:40:53	INFO	pclean::::casa	
2014-10-14 15:40:53	INFO	pclean::::casa+	##########################################
2014-10-14 15:40:53	INFO	pclean::::casa+	##### Begin Task: pclean             #####
2014-10-14 15:40:53	INFO	pclean::::casa	pclean(vis="L85562_all_flagged.MS",imagename="timesteps_flg1_dt0-05-37.5_n1_it1000_wp512_facets8_npix2048",imsize=[2048, 2048],cell="30.8033220509arcsec",
2014-10-14 15:40:53	INFO	pclean::::casa+	        phasecenter="",stokes="I",mask="",field="0",spw="15~105",
2014-10-14 15:40:53	INFO	pclean::::casa+	        ftmachine="wproject",alg="multiscale",scales=[0],cyclefactor=1.5,majorcycles=5,
2014-10-14 15:40:53	INFO	pclean::::casa+	        niter=1000,gain=0.1,threshold="0.0Jy",weighting="natural",robust=0.0,
2014-10-14 15:40:53	INFO	pclean::::casa+	        npixels=0,mode="continuum",nterms=1,start=0,nchan=1,
2014-10-14 15:40:53	INFO	pclean::::casa+	        width=1,restfreq="",interactive=False,npercycle=100,wprojplanes=512,
2014-10-14 15:40:53	INFO	pclean::::casa+	        facets=8,overwrite=True,uvtaper=False,outertaper=[''],timerange="2013/01/24/21:42:48.500000+0:05:37.5",
2014-10-14 15:40:53	INFO	pclean::::casa+	        uvrange="",antenna="",scan="",observation="",pbcor=False,
2014-10-14 15:40:53	INFO	pclean::::casa+	        minpb=0.2,clusterdef="")
2014-10-14 15:52:03	INFO	parallel_go::image::statistics 	Determining stats for image __sumweight_image
2014-10-14 15:52:03	INFO	parallel_go::CasacRegionManager::fromBCS	No directional region specified. Using full positional plane.
2014-10-14 15:52:03	INFO	parallel_go::CasacRegionManager::fromBCS	Using all spectral channels.
2014-10-14 15:52:03	INFO	parallel_go::CasacRegionManager::fromBCS	Using polarizations ALL
2014-10-14 15:52:03	INFO	parallel_go::ImageRegion::fromRecord	Selected bounding box : 
2014-10-14 15:52:03	INFO	parallel_go::ImageRegion::fromRecord+	    [0, 0, 0, 0] to [2047, 2047, 0, 0]  (10:09:28.505, +41.07.13.739, I, 53513891.51Hz to 08:14:50.477, +58.23.22.384, I, 53513891.51Hz)
2014-10-14 15:52:03	INFO	parallel_go::ImageStatsCalculator::statistics	Regions --- 
2014-10-14 15:52:03	INFO	parallel_go::ImageStatsCalculator::statistics	         -- bottom-left corner (pixel) [blc]:  [0, 0, 0, 0]
2014-10-14 15:52:03	INFO	parallel_go::ImageStatsCalculator::statistics	         -- top-right corner (pixel) [trc]:    [2047, 2047, 0, 0]
2014-10-14 15:52:03	INFO	parallel_go::ImageStatsCalculator::statistics	         -- bottom-left corner (world) [blcf]: 10:09:28.505, +41.07.13.739, I, 53513891.51Hz
2014-10-14 15:52:03	INFO	parallel_go::ImageStatsCalculator::statistics	         -- top-right corner (world) [trcf]:   08:14:50.477, +58.23.22.384, I, 53513891.51Hz
2014-10-14 15:52:03	INFO	parallel_go::::	Values --- 
2014-10-14 15:52:03	INFO	parallel_go::::	         -- number of points [npts]:                4.1943e+06
2014-10-14 15:52:03	INFO	parallel_go::::	         -- maximum value [max]:                    1.87129e+08 
2014-10-14 15:52:03	INFO	parallel_go::::	         -- minimum value [min]:                    1.87129e+08 
2014-10-14 15:52:03	INFO	parallel_go::::	         -- position of max value (pixel) [maxpos]: [0, 0, 0, 0]
2014-10-14 15:52:03	INFO	parallel_go::::	         -- position of min value (pixel) [minpos]: [0, 0, 0, 0]
2014-10-14 15:52:03	INFO	parallel_go::::	         -- position of max value (world) [maxposf]: 10:09:28.505, +41.07.13.739, I, 53513891.51Hz
2014-10-14 15:52:03	INFO	parallel_go::::	         -- position of min value (world) [minposf]: 10:09:28.505, +41.07.13.739, I, 53513891.51Hz
2014-10-14 15:52:03	INFO	parallel_go::::	         -- Sum of pixel values [sum]:               7.84878e+14 
2014-10-14 15:52:03	INFO	parallel_go::::	         -- Sum of squared pixel values [sumsq]:     1.46874e+23 
2014-10-14 15:52:03	INFO	parallel_go::::	Statistics --- 
2014-10-14 15:52:03	INFO	parallel_go::::	        -- Mean of the pixel values [mean]:         1.87129e+08 
2014-10-14 15:52:03	INFO	parallel_go::::	        -- Variance of the pixel values :           0 0
2014-10-14 15:52:03	INFO	parallel_go::::	        -- Standard deviation of the Mean [sigma]:  0 
2014-10-14 15:52:03	INFO	parallel_go::::	        -- Root mean square [rms]:                  1.87129e+08 
2014-10-14 15:52:03	INFO	parallel_go::CasacRegionManager::fromBCS	No directional region specified. Using full positional plane.
2014-10-14 15:52:03	INFO	parallel_go::CasacRegionManager::fromBCS	Using all spectral channels.
2014-10-14 15:52:03	INFO	parallel_go::CasacRegionManager::fromBCS	Using polarizations ALL
2014-10-14 15:52:03	INFO	parallel_go::ImageRegion::fromRecord	Selected bounding box : 
2014-10-14 15:52:03	INFO	parallel_go::ImageRegion::fromRecord+	    [0, 0, 0, 0] to [2047, 2047, 0, 0]  (10:09:28.505, +41.07.13.739, I, 53513891.51Hz to 08:14:50.477, +58.23.22.384, I, 53513891.51Hz)
2014-10-14 15:52:03	INFO	parallel_go::ImageStatsCalculator::statistics	# Npts          Sum           Mean          Rms           Std dev       Minimum       Maximum     
2014-10-14 15:52:03	INFO	parallel_go::ImageStatsCalculator::statistics+	 4.194304e+06  7.848776e+14  1.871294e+08  1.871294e+08  0.000000e+00  1.871294e+08  1.871294e+08
2014-10-14 15:52:04	WARN	parallel_go::image::removefile	/home/mknapp/timesteps_flg1_dt0-05-37.5_n1_it1000_wp512_facets8_npix2048.mask does not exist.
2014-10-14 15:52:04	INFO	parallel_go::ImageAnalysis::imagefromimage	Creating image '/home/mknapp/timesteps_flg1_dt0-05-37.5_n1_it1000_wp512_facets8_npix2048.mask' of shape [2048, 2048, 1, 1]
2014-10-14 15:52:07	INFO	parallel_go::ImageAnalysis::imagefromimage	Creating image '/home/mknapp/timesteps_flg1_dt0-05-37.5_n1_it1000_wp512_facets8_npix2048.model' of shape [2048, 2048, 1, 1]
2014-10-14 15:52:08	INFO	parallel_go::image::statistics 	Determining stats for image __sumweight_image
2014-10-14 15:52:08	INFO	parallel_go::CasacRegionManager::fromBCS	No directional region specified. Using full positional plane.
2014-10-14 15:52:08	INFO	parallel_go::CasacRegionManager::fromBCS	Using all spectral channels.
2014-10-14 15:52:08	INFO	parallel_go::CasacRegionManager::fromBCS	Using polarizations ALL
2014-10-14 15:52:08	INFO	parallel_go::ImageRegion::fromRecord	Selected bounding box : 
2014-10-14 15:52:08	INFO	parallel_go::ImageRegion::fromRecord+	    [0, 0, 0, 0] to [2047, 2047, 0, 0]  (10:09:28.505, +41.07.13.739, I, 53513891.51Hz to 08:14:50.477, +58.23.22.384, I, 53513891.51Hz)
2014-10-14 15:52:08	INFO	parallel_go::ImageStatsCalculator::statistics	Regions --- 
2014-10-14 15:52:08	INFO	parallel_go::ImageStatsCalculator::statistics	         -- bottom-left corner (pixel) [blc]:  [0, 0, 0, 0]
2014-10-14 15:52:08	INFO	parallel_go::ImageStatsCalculator::statistics	         -- top-right corner (pixel) [trc]:    [2047, 2047, 0, 0]
2014-10-14 15:52:08	INFO	parallel_go::ImageStatsCalculator::statistics	         -- bottom-left corner (world) [blcf]: 10:09:28.505, +41.07.13.739, I, 53513891.51Hz
2014-10-14 15:52:08	INFO	parallel_go::ImageStatsCalculator::statistics	         -- top-right corner (world) [trcf]:   08:14:50.477, +58.23.22.384, I, 53513891.51Hz
2014-10-14 15:52:08	INFO	parallel_go::::	Values --- 
2014-10-14 15:52:08	INFO	parallel_go::::	         -- number of points [npts]:                4.1943e+06
2014-10-14 15:52:08	INFO	parallel_go::::	         -- maximum value [max]:                    1.87129e+08 
2014-10-14 15:52:08	INFO	parallel_go::::	         -- minimum value [min]:                    1.87129e+08 
2014-10-14 15:52:08	INFO	parallel_go::::	         -- position of max value (pixel) [maxpos]: [0, 0, 0, 0]
2014-10-14 15:52:08	INFO	parallel_go::::	         -- position of min value (pixel) [minpos]: [0, 0, 0, 0]
2014-10-14 15:52:08	INFO	parallel_go::::	         -- position of max value (world) [maxposf]: 10:09:28.505, +41.07.13.739, I, 53513891.51Hz
2014-10-14 15:52:08	INFO	parallel_go::::	         -- position of min value (world) [minposf]: 10:09:28.505, +41.07.13.739, I, 53513891.51Hz
2014-10-14 15:52:08	INFO	parallel_go::::	         -- Sum of pixel values [sum]:               7.84878e+14 
2014-10-14 15:52:08	INFO	parallel_go::::	         -- Sum of squared pixel values [sumsq]:     1.46874e+23 
2014-10-14 15:52:08	INFO	parallel_go::::	Statistics --- 
2014-10-14 15:52:08	INFO	parallel_go::::	        -- Mean of the pixel values [mean]:         1.87129e+08 
2014-10-14 15:52:08	INFO	parallel_go::::	        -- Variance of the pixel values :           0 0
2014-10-14 15:52:08	INFO	parallel_go::::	        -- Standard deviation of the Mean [sigma]:  0 
2014-10-14 15:52:08	INFO	parallel_go::::	        -- Root mean square [rms]:                  1.87129e+08 
2014-10-14 15:52:08	INFO	parallel_go::CasacRegionManager::fromBCS	No directional region specified. Using full positional plane.
2014-10-14 15:52:08	INFO	parallel_go::CasacRegionManager::fromBCS	Using all spectral channels.
2014-10-14 15:52:08	INFO	parallel_go::CasacRegionManager::fromBCS	Using polarizations ALL
2014-10-14 15:52:08	INFO	parallel_go::ImageRegion::fromRecord	Selected bounding box : 
2014-10-14 15:52:08	INFO	parallel_go::ImageRegion::fromRecord+	    [0, 0, 0, 0] to [2047, 2047, 0, 0]  (10:09:28.505, +41.07.13.739, I, 53513891.51Hz to 08:14:50.477, +58.23.22.384, I, 53513891.51Hz)
2014-10-14 15:52:08	INFO	parallel_go::ImageStatsCalculator::statistics	# Npts          Sum           Mean          Rms           Std dev       Minimum       Maximum     
2014-10-14 15:52:08	INFO	parallel_go::ImageStatsCalculator::statistics+	 4.194304e+06  7.848776e+14  1.871294e+08  1.871294e+08  0.000000e+00  1.871294e+08  1.871294e+08
2014-10-14 15:55:59	INFO	parallel_go::image::statistics 	Determining stats for image __sumweight_image
2014-10-14 15:55:59	INFO	parallel_go::CasacRegionManager::fromBCS	No directional region specified. Using full positional plane.
2014-10-14 15:55:59	INFO	parallel_go::CasacRegionManager::fromBCS	Using all spectral channels.
2014-10-14 15:55:59	INFO	parallel_go::CasacRegionManager::fromBCS	Using polarizations ALL
2014-10-14 15:55:59	INFO	parallel_go::ImageRegion::fromRecord	Selected bounding box : 
2014-10-14 15:55:59	INFO	parallel_go::ImageRegion::fromRecord+	    [0, 0, 0, 0] to [2047, 2047, 0, 0]  (10:09:28.505, +41.07.13.739, I, 53513891.51Hz to 08:14:50.477, +58.23.22.384, I, 53513891.51Hz)
2014-10-14 15:55:59	INFO	parallel_go::ImageStatsCalculator::statistics	Regions --- 
2014-10-14 15:55:59	INFO	parallel_go::ImageStatsCalculator::statistics	         -- bottom-left corner (pixel) [blc]:  [0, 0, 0, 0]
2014-10-14 15:55:59	INFO	parallel_go::ImageStatsCalculator::statistics	         -- top-right corner (pixel) [trc]:    [2047, 2047, 0, 0]
2014-10-14 15:55:59	INFO	parallel_go::ImageStatsCalculator::statistics	         -- bottom-left corner (world) [blcf]: 10:09:28.505, +41.07.13.739, I, 53513891.51Hz
2014-10-14 15:55:59	INFO	parallel_go::ImageStatsCalculator::statistics	         -- top-right corner (world) [trcf]:   08:14:50.477, +58.23.22.384, I, 53513891.51Hz
2014-10-14 15:55:59	INFO	parallel_go::::	Values --- 
2014-10-14 15:55:59	INFO	parallel_go::::	         -- number of points [npts]:                4.1943e+06
2014-10-14 15:55:59	INFO	parallel_go::::	         -- maximum value [max]:                    1.87129e+08 
2014-10-14 15:55:59	INFO	parallel_go::::	         -- minimum value [min]:                    1.87129e+08 
2014-10-14 15:55:59	INFO	parallel_go::::	         -- position of max value (pixel) [maxpos]: [0, 0, 0, 0]
2014-10-14 15:55:59	INFO	parallel_go::::	         -- position of min value (pixel) [minpos]: [0, 0, 0, 0]
2014-10-14 15:55:59	INFO	parallel_go::::	         -- position of max value (world) [maxposf]: 10:09:28.505, +41.07.13.739, I, 53513891.51Hz
2014-10-14 15:55:59	INFO	parallel_go::::	         -- position of min value (world) [minposf]: 10:09:28.505, +41.07.13.739, I, 53513891.51Hz
2014-10-14 15:55:59	INFO	parallel_go::::	         -- Sum of pixel values [sum]:               7.84878e+14 
2014-10-14 15:55:59	INFO	parallel_go::::	         -- Sum of squared pixel values [sumsq]:     1.46874e+23 
2014-10-14 15:55:59	INFO	parallel_go::::	Statistics --- 
2014-10-14 15:55:59	INFO	parallel_go::::	        -- Mean of the pixel values [mean]:         1.87129e+08 
2014-10-14 15:55:59	INFO	parallel_go::::	        -- Variance of the pixel values :           0 0
2014-10-14 15:55:59	INFO	parallel_go::::	        -- Standard deviation of the Mean [sigma]:  0 
2014-10-14 15:55:59	INFO	parallel_go::::	        -- Root mean square [rms]:                  1.87129e+08 
2014-10-14 15:55:59	INFO	parallel_go::CasacRegionManager::fromBCS	No directional region specified. Using full positional plane.
2014-10-14 15:55:59	INFO	parallel_go::CasacRegionManager::fromBCS	Using all spectral channels.
2014-10-14 15:55:59	INFO	parallel_go::CasacRegionManager::fromBCS	Using polarizations ALL
2014-10-14 15:55:59	INFO	parallel_go::ImageRegion::fromRecord	Selected bounding box : 
2014-10-14 15:55:59	INFO	parallel_go::ImageRegion::fromRecord+	    [0, 0, 0, 0] to [2047, 2047, 0, 0]  (10:09:28.505, +41.07.13.739, I, 53513891.51Hz to 08:14:50.477, +58.23.22.384, I, 53513891.51Hz)
2014-10-14 15:55:59	INFO	parallel_go::ImageStatsCalculator::statistics	# Npts          Sum           Mean          Rms           Std dev       Minimum       Maximum     
2014-10-14 15:55:59	INFO	parallel_go::ImageStatsCalculator::statistics+	 4.194304e+06  7.848776e+14  1.871294e+08  1.871294e+08  0.000000e+00  1.871294e+08  1.871294e+08
2014-10-14 15:59:51	INFO	parallel_go::image::statistics 	Determining stats for image __sumweight_image
2014-10-14 15:59:51	INFO	parallel_go::CasacRegionManager::fromBCS	No directional region specified. Using full positional plane.
2014-10-14 15:59:51	INFO	parallel_go::CasacRegionManager::fromBCS	Using all spectral channels.
2014-10-14 15:59:51	INFO	parallel_go::CasacRegionManager::fromBCS	Using polarizations ALL
2014-10-14 15:59:51	INFO	parallel_go::ImageRegion::fromRecord	Selected bounding box : 
2014-10-14 15:59:51	INFO	parallel_go::ImageRegion::fromRecord+	    [0, 0, 0, 0] to [2047, 2047, 0, 0]  (10:09:28.505, +41.07.13.739, I, 53513891.51Hz to 08:14:50.477, +58.23.22.384, I, 53513891.51Hz)
2014-10-14 15:59:51	INFO	parallel_go::ImageStatsCalculator::statistics	Regions --- 
2014-10-14 15:59:51	INFO	parallel_go::ImageStatsCalculator::statistics	         -- bottom-left corner (pixel) [blc]:  [0, 0, 0, 0]
2014-10-14 15:59:51	INFO	parallel_go::ImageStatsCalculator::statistics	         -- top-right corner (pixel) [trc]:    [2047, 2047, 0, 0]
2014-10-14 15:59:51	INFO	parallel_go::ImageStatsCalculator::statistics	         -- bottom-left corner (world) [blcf]: 10:09:28.505, +41.07.13.739, I, 53513891.51Hz
2014-10-14 15:59:51	INFO	parallel_go::ImageStatsCalculator::statistics	         -- top-right corner (world) [trcf]:   08:14:50.477, +58.23.22.384, I, 53513891.51Hz
2014-10-14 15:59:51	INFO	parallel_go::::	Values --- 
2014-10-14 15:59:51	INFO	parallel_go::::	         -- number of points [npts]:                4.1943e+06
2014-10-14 15:59:51	INFO	parallel_go::::	         -- maximum value [max]:                    1.87129e+08 
2014-10-14 15:59:51	INFO	parallel_go::::	         -- minimum value [min]:                    1.87129e+08 
2014-10-14 15:59:51	INFO	parallel_go::::	         -- position of max value (pixel) [maxpos]: [0, 0, 0, 0]
2014-10-14 15:59:51	INFO	parallel_go::::	         -- position of min value (pixel) [minpos]: [0, 0, 0, 0]
2014-10-14 15:59:51	INFO	parallel_go::::	         -- position of max value (world) [maxposf]: 10:09:28.505, +41.07.13.739, I, 53513891.51Hz
2014-10-14 15:59:51	INFO	parallel_go::::	         -- position of min value (world) [minposf]: 10:09:28.505, +41.07.13.739, I, 53513891.51Hz
2014-10-14 15:59:51	INFO	parallel_go::::	         -- Sum of pixel values [sum]:               7.84878e+14 
2014-10-14 15:59:51	INFO	parallel_go::::	         -- Sum of squared pixel values [sumsq]:     1.46874e+23 
2014-10-14 15:59:51	INFO	parallel_go::::	Statistics --- 
2014-10-14 15:59:51	INFO	parallel_go::::	        -- Mean of the pixel values [mean]:         1.87129e+08 
2014-10-14 15:59:51	INFO	parallel_go::::	        -- Variance of the pixel values :           0 0
2014-10-14 15:59:51	INFO	parallel_go::::	        -- Standard deviation of the Mean [sigma]:  0 
2014-10-14 15:59:51	INFO	parallel_go::::	        -- Root mean square [rms]:                  1.87129e+08 
2014-10-14 15:59:51	INFO	parallel_go::CasacRegionManager::fromBCS	No directional region specified. Using full positional plane.
2014-10-14 15:59:51	INFO	parallel_go::CasacRegionManager::fromBCS	Using all spectral channels.
2014-10-14 15:59:51	INFO	parallel_go::CasacRegionManager::fromBCS	Using polarizations ALL
2014-10-14 15:59:51	INFO	parallel_go::ImageRegion::fromRecord	Selected bounding box : 
2014-10-14 15:59:51	INFO	parallel_go::ImageRegion::fromRecord+	    [0, 0, 0, 0] to [2047, 2047, 0, 0]  (10:09:28.505, +41.07.13.739, I, 53513891.51Hz to 08:14:50.477, +58.23.22.384, I, 53513891.51Hz)
2014-10-14 15:59:51	INFO	parallel_go::ImageStatsCalculator::statistics	# Npts          Sum           Mean          Rms           Std dev       Minimum       Maximum     
2014-10-14 15:59:51	INFO	parallel_go::ImageStatsCalculator::statistics+	 4.194304e+06  7.848776e+14  1.871294e+08  1.871294e+08  0.000000e+00  1.871294e+08  1.871294e+08
