2014-10-07 21:02:10	INFO	casa::::casa	---
2014-10-07 21:02:10	INFO	casa::::casa	CASA Version 4.2.0 (stable r27479)
2014-10-07 21:02:10	INFO	casa::::casa	  Tagged on: Mon, 09 Sep 2013
2014-10-07 21:19:37	INFO	simple_cluster::check_host_resources::casa	Host govcloud-128-149-57-249, Number of cores 8, Memory available 60211MB, CPU capacity available 100.0%
2014-10-07 21:19:37	INFO	simple_cluster::config_cluster::casa	Will deploy up to 4 engines at node govcloud-128-149-57-249
2014-10-07 21:19:37	INFO	simple_cluster::config_cluster::casa	Will use up to 27095MB of memory at node govcloud-128-149-57-249
2014-10-07 21:19:37	INFO	simple_cluster::config_cluster::casa	Required memory per engine 4096.0MB allows to deploy up to 7 engines at node govcloud-128-149-57-249 
2014-10-07 21:19:37	INFO	simple_cluster::config_cluster::casa	Cap number of engines deployed at node govcloud-128-149-57-249 from 7 to 4 in order to meet maximum number of engines constraint
2014-10-07 21:19:37	WARN	simple_cluster::config_cluster::casa	Node config should be at least: 'hostname, numengine, workdir'
2014-10-07 21:19:37	WARN	simple_cluster::config_cluster::casa	The following entry will be ignored: 
2014-10-07 21:19:38	INFO	parallel_go::start_controller::casa	Controller 6597 started
2014-10-07 21:19:54	INFO	parallel_go::start_engine::casa	start engine 1 on govcloud-128-149-57-249
2014-10-07 21:19:54	INFO	parallel_go::start_engine::casa	start engine 2 on govcloud-128-149-57-249
2014-10-07 21:19:55	INFO	parallel_go::start_engine::casa	start engine 3 on govcloud-128-149-57-249
2014-10-07 21:19:55	INFO	parallel_go::start_engine::casa	start engine 4 on govcloud-128-149-57-249
2014-10-07 21:19:57	INFO	parallel_go::init_nodes::casa	Initialize engines [0, 1, 2, 3]
2014-10-07 21:21:42	INFO	pclean::utils::verify	Verifying arguments....checkQuanta assuming cell units are arcsec.
2014-10-07 21:21:42	INFO	pclean::::casa	
2014-10-07 21:21:42	INFO	pclean::::casa+	##########################################
2014-10-07 21:21:42	INFO	pclean::::casa+	##### Begin Task: pclean             #####
2014-10-07 21:21:42	INFO	pclean::::casa	pclean(vis="L85562-60~75.MS",imagename="cleanMFQ_flag1_SB0~0_it1000_wp256_facets8_npix2048",imsize=[2048, 2048],cell=[12, 12],
2014-10-07 21:21:42	INFO	pclean::::casa+	        phasecenter="",stokes="I",mask="",field="0",spw="0~0",
2014-10-07 21:21:42	INFO	pclean::::casa+	        ftmachine="wproject",alg="clark",scales=[0],cyclefactor=10,majorcycles=1,
2014-10-07 21:21:42	INFO	pclean::::casa+	        niter=1000,gain=0.1,threshold="0.0Jy",weighting="natural",robust=0.0,
2014-10-07 21:21:42	INFO	pclean::::casa+	        npixels=0,mode="continuum",nterms=1,start=0,nchan=1,
2014-10-07 21:21:42	INFO	pclean::::casa+	        width=1,restfreq="",interactive=False,npercycle=100,wprojplanes=256,
2014-10-07 21:21:42	INFO	pclean::::casa+	        facets=8,overwrite=True,uvtaper=False,outertaper=[''],timerange="",
2014-10-07 21:21:42	INFO	pclean::::casa+	        uvrange="",antenna="",scan="",observation="",pbcor=False,
2014-10-07 21:21:42	INFO	pclean::::casa+	        minpb=0.2,clusterdef="")
2014-10-07 21:21:43	SEVERE	parallel_go::MeasTable::dUTC(Double) (file /var/rpmbuild/BUILD/casapy-stable/casapy-stable-42.0.26465/casacore/measures/Measures/MeasTable.cc, line 6657)	Leap second table TAI_UTC seems out-of-date. 
2014-10-07 21:21:43	SEVERE	parallel_go::MeasTable::dUTC(Double) (file /var/rpmbuild/BUILD/casapy-stable/casapy-stable-42.0.26465/casacore/measures/Measures/MeasTable.cc, line 6657)+	Until table is updated (see aips++ manager) times and coordinates
2014-10-07 21:21:43	SEVERE	parallel_go::MeasTable::dUTC(Double) (file /var/rpmbuild/BUILD/casapy-stable/casapy-stable-42.0.26465/casacore/measures/Measures/MeasTable.cc, line 6657)+	derived from UTC could be wrong by 1s or more.
2014-10-07 21:23:35	INFO	pclean::utils::verify	Verifying arguments....checkQuanta assuming cell units are arcsec.
2014-10-07 21:23:35	INFO	pclean::::casa	
2014-10-07 21:23:35	INFO	pclean::::casa+	##########################################
2014-10-07 21:23:35	INFO	pclean::::casa+	##### Begin Task: pclean             #####
2014-10-07 21:23:35	INFO	pclean::::casa	pclean(vis="L85562-60~75.MS",imagename="cleanMFQ_flag1_SB0~0_it1000_wp256_facets8_npix2048",imsize=[2048, 2048],cell=[12, 12],
2014-10-07 21:23:35	INFO	pclean::::casa+	        phasecenter="",stokes="I",mask="",field="0",spw="0~0",
2014-10-07 21:23:35	INFO	pclean::::casa+	        ftmachine="wproject",alg="clark",scales=[0],cyclefactor=1.5,majorcycles=10,
2014-10-07 21:23:35	INFO	pclean::::casa+	        niter=1000,gain=0.1,threshold="0.0Jy",weighting="natural",robust=0.0,
2014-10-07 21:23:35	INFO	pclean::::casa+	        npixels=0,mode="continuum",nterms=1,start=0,nchan=1,
2014-10-07 21:23:35	INFO	pclean::::casa+	        width=1,restfreq="",interactive=False,npercycle=100,wprojplanes=256,
2014-10-07 21:23:35	INFO	pclean::::casa+	        facets=8,overwrite=True,uvtaper=False,outertaper=[''],timerange="",
2014-10-07 21:23:35	INFO	pclean::::casa+	        uvrange="",antenna="",scan="",observation="",pbcor=False,
2014-10-07 21:23:35	INFO	pclean::::casa+	        minpb=0.2,clusterdef="")
2014-10-07 21:23:45	SEVERE	parallel_go::::casa	An error occurred running task pclean.
2014-10-07 21:23:45	INFO	imstat::utils::verify	Verifying arguments....File existence checking failed for imagename cleanMFQ_flag1_SB0~0_it1000_wp256_facets8_npix2048.image
2014-10-07 21:23:45	WARN	imstat::utils::verify	Argument imagename failed to verify.
2014-10-07 21:23:45	SEVERE	imstat::::casa	An error occurred running task imstat.
