#log# Automatic Logger file. *** THIS MUST BE THE FIRST LINE ***
#log# DO NOT CHANGE THIS LINE OR THE TWO BELOW -* coding: UTF-8 *-
#log# opts = Struct({'__allownew': True,
 'autocall': 2,
 'banner': 0,
 'colors': 'LightBG',
 'ipythondir': '/home/mknapp/.casa/ipython',
 'logfile': 'ipython-20141007-202501.log',
 'messages': 0,
 'prompt_in1': 'CASA <\\#>: '})
#log# args = []
#log# It is safe to make manual edits below here.
#log#-----------------------------------------------------------------------
execfile("/usr/local/bin/lib64/python2.7/assignmentFilter.py")
concat(vis='*.MS', concatvis='L85562-60~75.MS')
allms = *.MS
_ip.system("ls -F *.MS")
allMS = ls -d *.MS
allMS = ls -d L85562*.MS
allMS = L85562*.MS
import glob
allMS = glob.glob('*.MS')
allMS
concat(vis=allms, concatvis='L85562-60~75.MS')
concat(vis=allMS, concatvis='L85562-60~75.MS')
listobs('L85562-60~75.MS/
listobs('L85562-60~75.MS')
exit()
