#log# Automatic Logger file. *** THIS MUST BE THE FIRST LINE ***
#log# DO NOT CHANGE THIS LINE OR THE TWO BELOW -* coding: UTF-8 *-
#log# opts = Struct({'__allownew': True,
 'autocall': 2,
 'banner': 0,
 'colors': 'LightBG',
 'ipythondir': '/home/mknapp/.casa/ipython',
 'logfile': 'ipython-20141007-210210.log',
 'messages': 0,
 'prompt_in1': 'CASA <\\#>: '})
#log# args = []
#log# It is safe to make manual edits below here.
#log#-----------------------------------------------------------------------
execfile("/usr/local/bin/lib64/python2.7/assignmentFilter.py")
now
import datetime
datetime.now
datetime.datetime()
datetime.datetime.now()
datetime.datetime.now().isoformat()
from simple_cluster import *
sc = simple_cluster()
sc.init_cluster('clusterconfig.txt', 'mkcluster')
execfile('mfsclean_pyramid.py')
execfile('mfsclean_pyramid.py')
execfile('mfsclean_pyramid.py')
exit()
