#log# Automatic Logger file. *** THIS MUST BE THE FIRST LINE ***
#log# DO NOT CHANGE THIS LINE OR THE TWO BELOW -* coding: UTF-8 *-
#log# opts = Struct({'__allownew': True,
 'autocall': 2,
 'banner': 0,
 'colors': 'LightBG',
 'ipythondir': '/home/mknapp/.casa/ipython',
 'logfile': 'ipython-20141030-171000.log',
 'messages': 0,
 'prompt_in1': 'CASA <\\#>: '})
#log# args = []
#log# It is safe to make manual edits below here.
#log#-----------------------------------------------------------------------
execfile("/usr/local/bin/lib64/python2.7/assignmentFilter.py")
execfile('timeClean_testing.py')
r2asec = 206264.806
# Get list of subband center frequencies
tb.open(vis+'/SPECTRAL_WINDOW')
centerfqs = tb.getcol('REF_FREQUENCY')
tb.close()
# Convert to wavelength
centerlambda = const.c/centerfqs
# Get station diameter
tb.open(vis+'/ANTENNA')
diams = tb.getcol('DISH_DIAMETER')
tb.close()
diamsavg = np.mean(diams)
# Get max baseline
baselinesm = au.getBaselineLengths(vis, sort=True)
baselinesm1 = np.array(tuple(x[1] for x in baselinesm))
# Convert to wavelength
maxbaselines = baselinesm1.max()*np.ones((np.shape(centerlambda)[0], 1))/centerlambda
# Number of w-planes
dA = 0.5
nwplanes = (0.31/dA)*baselinesm1.max()*centerlambda/diamsavg
# Expected beamsize
FOV = centerlambda/diamsavg
FOVasec = FOV*r2asec
FOVamin = FOVasec/60
FOVdeg = FOVamin/60
synthbeam = centerlambda/baselinesm1.max()
synthbeamasec = synthbeam*r2asec
execfile('timeClean_testing.py')
exit()
