#log# Automatic Logger file. *** THIS MUST BE THE FIRST LINE ***
#log# DO NOT CHANGE THIS LINE OR THE TWO BELOW -* coding: UTF-8 *-
#log# opts = Struct({'__allownew': True,
 'autocall': 2,
 'banner': 0,
 'colors': 'LightBG',
 'ipythondir': '/home/mknapp/.casa/ipython',
 'logfile': 'ipython-20141012-224406.log',
 'messages': 0,
 'prompt_in1': 'CASA <\\#>: '})
#log# args = []
#log# It is safe to make manual edits below here.
#log#-----------------------------------------------------------------------
execfile("/usr/local/bin/lib64/python2.7/assignmentFilter.py")
listobs('L85562_all_flagged.MS')
from simple_cluster import *
sc = simple_cluster()
sc.init_cluster('clusterconfig30.txt', 'mk30')
sc.init_cluster('clusterconfig30.txt', 'mk30')
execfile('timePClean.py')
execfile('timePClean.py')
_ip.system("ls -F *.image")
tmp
_ip.system("ls -F ")
sc.stop_cluster()
_ip.system("ls -F timesteps*")
_ip.system("ls -F -d timesteps*")
sc = simple_cluster()
sc.init_cluster('clusterconfig30.txt', 'mk30')
execfile('timePClean.py')
splitdelt
execfile('timePClean.py')
