#log# Automatic Logger file. *** THIS MUST BE THE FIRST LINE ***
#log# DO NOT CHANGE THIS LINE OR THE TWO BELOW -* coding: UTF-8 *-
#log# opts = Struct({'__allownew': True,
 'autocall': 2,
 'banner': 0,
 'colors': 'LightBG',
 'ipythondir': '/home/mknapp/.casa/ipython',
 'logfile': 'ipython-20141027-223842.log',
 'messages': 0,
 'prompt_in1': 'CASA <\\#>: '})
#log# args = []
#log# It is safe to make manual edits below here.
#log#-----------------------------------------------------------------------
execfile("/home/mknapp/casapy-42.2.30986-1-64b/lib64/python2.7/assignmentFilter.py")
_ip.system("ls -F *.txt")
execfile('masterscript.py')
sc.stop_cluster()
execfile('masterscript.py')
execfile('timePClean_testing.py')
execfile('timePClean_testing.py')
execfile('timePClean_testing.py')
execfile('timePClean_testing.py')
execfile('timePClean_testing.py')
execfile('timePClean_testing.py')
execfile('timePClean_testing.py')
exit()
